[0mCompiling "resources/public/js/compiled/jira.js" from ["src" "script"]...
[31mCompiling "resources/public/js/compiled/jira.js" failed.
[0mANALYSIS ERROR:  on file null, line null, column null
[32mSuccessfully compiled "resources/public/js/compiled/jira.js" in 4.377 seconds.[0m
[0mCompiling "resources/public/js/compiled/jira.js" from ["src" "script"]...
[31mCompiling "resources/public/js/compiled/jira.js" failed.
[0mANALYSIS ERROR:  on file null, line null, column null
[32mSuccessfully compiled "resources/public/js/compiled/jira.js" in 2.031 seconds.[0m
[0mCompiling "resources/public/js/compiled/jira.js" from ["src" "script"]...
WARNING: Use of undeclared Var tickets.db/users at line 283 src/jira/tickets/ui.cljs
notifying browser that file changed:  resources/public/js/compiled/out/goog/deps.js
notifying browser that file changed:  resources/public/js/compiled/out/cljs_deps.js
notifying browser that file changed:  out/tickets/ui.js
[32mSuccessfully compiled "resources/public/js/compiled/jira.js" in 0.863 seconds.[0m
[0mCompiling "resources/public/js/compiled/jira.js" from ["src" "script"]...
WARNING: Use of undeclared Var tickets.db/users at line 283 src/jira/tickets/ui.cljs
notifying browser that file changed:  resources/public/js/compiled/out/goog/deps.js
notifying browser that file changed:  resources/public/js/compiled/out/cljs_deps.js
notifying browser that file changed:  out/projects/db.js
[32mSuccessfully compiled "resources/public/js/compiled/jira.js" in 1.675 seconds.[0m
[0mCompiling "resources/public/js/compiled/jira.js" from ["src" "script"]...
WARNING: Use of undeclared Var jira.tickets.db/users at line 283 src/jira/tickets/ui.cljs
notifying browser that file changed:  resources/public/js/compiled/out/goog/deps.js
notifying browser that file changed:  resources/public/js/compiled/out/cljs_deps.js
notifying browser that file changed:  out/jira/core.js
notifying browser that file changed:  out/jira/tickets/ui.js
notifying browser that file changed:  out/jira/projects/ui.js
notifying browser that file changed:  out/jira/components/ui.js
notifying browser that file changed:  out/jira/tickets/db.js
notifying browser that file changed:  out/jira/users/ui.js
notifying browser that file changed:  out/jira/projects/db.js
notifying browser that file changed:  out/jira/db.js
notifying browser that file changed:  out/jira/users/db.js
[32mSuccessfully compiled "resources/public/js/compiled/jira.js" in 2.081 seconds.[0m
[0mCompiling "resources/public/js/compiled/jira.js" from ["src" "script"]...
WARNING: Use of undeclared Var jira.tickets.db/users at line 283 src/jira/tickets/ui.cljs
notifying browser that file changed:  out/jira/projects/db.js
[32mSuccessfully compiled "resources/public/js/compiled/jira.js" in 1.407 seconds.[0m
[0mCompiling "resources/public/js/compiled/jira.js" from ["src" "script"]...
[31mCompiling "resources/public/js/compiled/jira.js" failed.
[0mclojure.lang.ExceptionInfo: Only :as alias and :refer (names) options supported in :require; offending spec: [jira jira.projects.db :as p.db] at line 1 src/jira/core.cljs
 at clojure.core$ex_info.invoke (core.clj:4593)
    cljs.analyzer$error.invoke (analyzer.cljc:568)
    cljs.analyzer$error.invoke (analyzer.cljc:566)
    cljs.analyzer$basic_validate_ns_spec.invoke (analyzer.cljc:1698)
    cljs.analyzer$parse_require_spec.invoke (analyzer.cljc:1739)
    clojure.lang.AFn.applyToHelper (AFn.java:171)
    clojure.lang.AFn.applyTo (AFn.java:144)
    clojure.core$apply.invoke (core.clj:636)
    clojure.core$partial$fn__4533.doInvoke (core.clj:2512)
    clojure.lang.RestFn.invoke (RestFn.java:408)
    clojure.core$map$fn__4553.invoke (core.clj:2622)
    clojure.lang.LazySeq.sval (LazySeq.java:40)
    clojure.lang.LazySeq.seq (LazySeq.java:49)
    clojure.lang.Cons.next (Cons.java:39)
    clojure.lang.RT.boundedLength (RT.java:1735)
    clojure.lang.RestFn.applyTo (RestFn.java:130)
    clojure.core$apply.invoke (core.clj:634)
    cljs.analyzer$eval1647$fn__1649$fn__1654.invoke (analyzer.cljc:1926)
    clojure.core.protocols/fn (protocols.clj:167)
    clojure.core.protocols$fn__6478$G__6473__6487.invoke (protocols.clj:19)
    clojure.core.protocols$seq_reduce.invoke (protocols.clj:31)
    clojure.core.protocols/fn (protocols.clj:101)
    clojure.core.protocols$fn__6452$G__6447__6465.invoke (protocols.clj:13)
    clojure.core$reduce.invoke (core.clj:6519)
    cljs.analyzer$eval1647$fn__1649.invoke (analyzer.cljc:1909)
    clojure.lang.MultiFn.invoke (MultiFn.java:251)
    cljs.analyzer$analyze_seq_STAR_.invoke (analyzer.cljc:2390)
    cljs.analyzer$analyze_seq_STAR__wrap.invoke (analyzer.cljc:2395)
    cljs.analyzer$analyze_seq.invoke (analyzer.cljc:2416)
    cljs.analyzer$analyze_form.invoke (analyzer.cljc:2525)
[32mSuccessfully compiled "resources/public/js/compiled/jira.js" in 0.105 seconds.[0m
[0mCompiling "resources/public/js/compiled/jira.js" from ["src" "script"]...
notifying browser that file changed:  resources/public/js/compiled/out/goog/deps.js
notifying browser that file changed:  resources/public/js/compiled/out/cljs_deps.js
notifying browser that file changed:  out/jira/core.js
[32mSuccessfully compiled "resources/public/js/compiled/jira.js" in 1.112 seconds.[0m
[0mCompiling "resources/public/js/compiled/jira.js" from ["src" "script"]...
WARNING: Use of undeclared Var jira.tickets.db/users at line 283 src/jira/tickets/ui.cljs
notifying browser that file changed:  out/jira/tickets/ui.js
[32mSuccessfully compiled "resources/public/js/compiled/jira.js" in 3.15 seconds.[0m
[0mCompiling "resources/public/js/compiled/jira.js" from ["src" "script"]...
notifying browser that file changed:  out/jira/tickets/ui.js
[32mSuccessfully compiled "resources/public/js/compiled/jira.js" in 1.446 seconds.[0m
[0mCompiling "resources/public/js/compiled/jira.js" from ["src" "script"]...
WARNING: Use of undeclared Var jira.projects.db/current-p at line 31 /Users/irinamostovenko/Desktop/ddd/src/jira/core.cljs
notifying browser that file changed:  out/jira/core.js
[32mSuccessfully compiled "resources/public/js/compiled/jira.js" in 0.429 seconds.[0m
[0mCompiling "resources/public/js/compiled/jira.js" from ["src" "script"]...
notifying browser that file changed:  out/jira/core.js
[32mSuccessfully compiled "resources/public/js/compiled/jira.js" in 0.309 seconds.[0m
[0mCompiling "resources/public/js/compiled/jira.js" from ["src" "script"]...
notifying browser that file changed:  out/jira/tickets/ui.js
[32mSuccessfully compiled "resources/public/js/compiled/jira.js" in 1.032 seconds.[0m
[0mCompiling "resources/public/js/compiled/jira.js" from ["src" "script"]...
[31mCompiling "resources/public/js/compiled/jira.js" failed.
[0mANALYSIS ERROR: Syntax error at ((rum/local {:type :0, :status :0, :prior :0, :subj "", :descr "", :assi (clojure.core/deref u.db/current-u)} :jira.tickets.ui/ticket) (rum/local "" :jira.tickets.ui/error) [state on-close-fn] (println (pr-str state)) (let [v (:jira.tickets.ui/ticket state) error (:jira.tickets.ui/error state) show-error? (not (str/blank? (clojure.core/deref error))) on-alert-dismiss (fn* [] (reset! error "")) on-change (fn [key e] (swap! v assoc key (-> e .-target .-value))) on-subj-change (fn* [p1__20848#] (on-change :subj p1__20848#)) on-descr-change (fn* [p1__20849#] (on-change :descr p1__20849#)) on-assi-change (fn* [p1__20850#] (on-change :assi p1__20850#)) on-status-change (fn [new-status] (swap! v assoc :status new-status)) on-prior-change (fn [new-prior] (swap! v assoc :prior new-prior)) on-type-change (fn [new-type] (swap! v assoc :type new-type)) on-submit (fn* [] (let [res (t.db/create-t! (clojure.core/deref p.db/selected-p) (:type (clojure.core/deref v)) (:prior (clojure.core/deref v)) (:status (clojure.core/deref v)) (:subj (clojure.core/deref v)) (:descr (clojure.core/deref v)) (u.db/u-login->id (:assi (clojure.core/deref v)))) err (get res :error)] (if err (reset! error err) (on-close-fn))))] [:div.overlay [:div.popup [:div.popup-header [:h3 "Create New Ticket"] [:a.close {:on-click on-close-fn} "x"]] [:div.popup-content [:form.form-horizontal {:role "form"} (comp/my-btn-group "Type:" :type t.db/t-type on-type-change v) (comp/my-btn-group "Status:" :status t.db/t-status on-status-change v) (comp/my-btn-group "Priority:" :prior t.db/t-prior on-prior-change v) [:div.form-group.required [:label.control-label.col-sm-4 {:for "t-subj"} "Subject:"] [:div.col-sm-6 [:input.form-control#t-subj {:type "text", :placeholder "ticket subj", :value (:subj (clojure.core/deref v)), :required "required", :on-change on-subj-change}]]] [:div.form-group.required [:label.control-label.col-sm-4 {:for "users"} "Assignee:"] [:div.col-sm-6 [:select.form-control#users {:on-change on-assi-change, :value (:assi (clojure.core/deref v))} (for [i (keys (clojure.core/deref u.db/users))] [:option (((clojure.core/deref u.db/users) i) :login)])]]] [:div.form-group [:label.control-label.col-sm-4 {:for "t-descr"} "Description:"] [:div.col-sm-6 [:textarea.form-control {:type "text", :id "t-descr", :rows "3", :placeholder "ticket description", :value (:descr (clojure.core/deref v)), :on-change on-descr-change}]]]] (when show-error? (comp/alert-error (clojure.core/deref error) on-alert-dismiss))] [:div.popup-footer [:div [:button.btn.btn-default {:type "button", :on-click on-close-fn} "Cancel"] [:button.btn.btn-success {:type "submit", :on-click on-submit} "Create"]]]]])) at line 48 src/jira/tickets/ui.cljs on file src/jira/tickets/ui.cljs, line 48, column 1
[32mSuccessfully compiled "resources/public/js/compiled/jira.js" in 0.395 seconds.[0m
[0mCompiling "resources/public/js/compiled/jira.js" from ["src" "script"]...
[31mCompiling "resources/public/js/compiled/jira.js" failed.
[0mANALYSIS ERROR: Syntax error at ((rum/local {:type :0, :status :0, :prior :0, :subj "", :descr "", :assi (clojure.core/deref u.db/current-u)} :jira.tickets.ui/ticket) (rum/local "" :jira.tickets.ui/error) [state on-close-fn] (println (pr-str state)) (let [v (:jira.tickets.ui/ticket state) error (:jira.tickets.ui/error state) show-error? (not (str/blank? (clojure.core/deref error))) on-alert-dismiss (fn* [] (reset! error "")) on-change (fn [key e] (swap! v assoc key (-> e .-target .-value))) on-subj-change (fn* [p1__20856#] (on-change :subj p1__20856#)) on-descr-change (fn* [p1__20857#] (on-change :descr p1__20857#)) on-assi-change (fn* [p1__20858#] (on-change :assi p1__20858#)) on-status-change (fn [new-status] (swap! v assoc :status new-status)) on-prior-change (fn [new-prior] (swap! v assoc :prior new-prior)) on-type-change (fn [new-type] (swap! v assoc :type new-type)) on-submit (fn* [] (let [res (t.db/create-t! (clojure.core/deref p.db/selected-p) (:type (clojure.core/deref v)) (:prior (clojure.core/deref v)) (:status (clojure.core/deref v)) (:subj (clojure.core/deref v)) (:descr (clojure.core/deref v)) (u.db/u-login->id (:assi (clojure.core/deref v)))) err (get res :error)] (if err (reset! error err) (on-close-fn))))] [:div.overlay [:div.popup [:div.popup-header [:h3 "Create New Ticket"] [:a.close {:on-click on-close-fn} "x"]] [:div.popup-content [:form.form-horizontal {:role "form"} (comp/my-btn-group "Type:" :type t.db/t-type on-type-change v) (comp/my-btn-group "Status:" :status t.db/t-status on-status-change v) (comp/my-btn-group "Priority:" :prior t.db/t-prior on-prior-change v) [:div.form-group.required [:label.control-label.col-sm-4 {:for "t-subj"} "Subject:"] [:div.col-sm-6 [:input.form-control#t-subj {:type "text", :placeholder "ticket subj", :value (:subj (clojure.core/deref v)), :required "required", :on-change on-subj-change}]]] [:div.form-group.required [:label.control-label.col-sm-4 {:for "users"} "Assignee:"] [:div.col-sm-6 [:select.form-control#users {:on-change on-assi-change, :value (:assi (clojure.core/deref v))} (for [i (keys (clojure.core/deref u.db/users))] [:option (((clojure.core/deref u.db/users) i) :login)])]]] [:div.form-group [:label.control-label.col-sm-4 {:for "t-descr"} "Description:"] [:div.col-sm-6 [:textarea.form-control {:type "text", :id "t-descr", :rows "3", :placeholder "ticket description", :value (:descr (clojure.core/deref v)), :on-change on-descr-change}]]]] (when show-error? (comp/alert-error (clojure.core/deref error) on-alert-dismiss))] [:div.popup-footer [:div [:button.btn.btn-default {:type "button", :on-click on-close-fn} "Cancel"] [:button.btn.btn-success {:type "submit", :on-click on-submit} "Create"]]]]])) at line 48 src/jira/tickets/ui.cljs on file src/jira/tickets/ui.cljs, line 48, column 1
[32mSuccessfully compiled "resources/public/js/compiled/jira.js" in 0.313 seconds.[0m
[0mCompiling "resources/public/js/compiled/jira.js" from ["src" "script"]...
[31mCompiling "resources/public/js/compiled/jira.js" failed.
[0mANALYSIS ERROR: Syntax error at ((rum/local {:type :0, :status :0, :prior :0, :subj "", :descr "", :assi (clojure.core/deref u.db/current-u)} :jira.tickets.ui/ticket) (rum/local "" :jira.tickets.ui/error) [state on-close-fn] (println (pr-str state)) (let [v (:jira.tickets.ui/ticket state) error (:jira.tickets.ui/error state) show-error? (not (str/blank? (clojure.core/deref error))) on-alert-dismiss (fn* [] (reset! error "")) on-change (fn [key e] (swap! v assoc key (-> e .-target .-value))) on-subj-change (fn* [p1__20864#] (on-change :subj p1__20864#)) on-descr-change (fn* [p1__20865#] (on-change :descr p1__20865#)) on-assi-change (fn* [p1__20866#] (on-change :assi p1__20866#)) on-status-change (fn [new-status] (swap! v assoc :status new-status)) on-prior-change (fn [new-prior] (swap! v assoc :prior new-prior)) on-type-change (fn [new-type] (swap! v assoc :type new-type)) on-submit (fn* [] (let [res (t.db/create-t! (clojure.core/deref p.db/selected-p) (:type (clojure.core/deref v)) (:prior (clojure.core/deref v)) (:status (clojure.core/deref v)) (:subj (clojure.core/deref v)) (:descr (clojure.core/deref v)) (u.db/u-login->id (:assi (clojure.core/deref v)))) err (get res :error)] (if err (reset! error err) (on-close-fn))))] [:div.overlay [:div.popup [:div.popup-header [:h3 "Create New Ticket"] [:a.close {:on-click on-close-fn} "x"]] [:div.popup-content [:form.form-horizontal {:role "form"} (comp/my-btn-group "Type:" :type t.db/t-type on-type-change v) (comp/my-btn-group "Status:" :status t.db/t-status on-status-change v) (comp/my-btn-group "Priority:" :prior t.db/t-prior on-prior-change v) [:div.form-group.required [:label.control-label.col-sm-4 {:for "t-subj"} "Subject:"] [:div.col-sm-6 [:input.form-control#t-subj {:type "text", :placeholder "ticket subj", :value (:subj (clojure.core/deref v)), :required "required", :on-change on-subj-change}]]] [:div.form-group.required [:label.control-label.col-sm-4 {:for "users"} "Assignee:"] [:div.col-sm-6 [:select.form-control#users {:on-change on-assi-change, :value (:assi (clojure.core/deref v))} (for [i (keys (clojure.core/deref u.db/users))] [:option (((clojure.core/deref u.db/users) i) :login)])]]] [:div.form-group [:label.control-label.col-sm-4 {:for "t-descr"} "Description:"] [:div.col-sm-6 [:textarea.form-control {:type "text", :id "t-descr", :rows "3", :placeholder "ticket description", :value (:descr (clojure.core/deref v)), :on-change on-descr-change}]]]] (when show-error? (comp/alert-error (clojure.core/deref error) on-alert-dismiss))] [:div.popup-footer [:div [:button.btn.btn-default {:type "button", :on-click on-close-fn} "Cancel"] [:button.btn.btn-success {:type "submit", :on-click on-submit} "Create"]]]]])) at line 48 src/jira/tickets/ui.cljs on file src/jira/tickets/ui.cljs, line 48, column 1
[32mSuccessfully compiled "resources/public/js/compiled/jira.js" in 0.42 seconds.[0m
[0mCompiling "resources/public/js/compiled/jira.js" from ["src" "script"]...
WARNING: Use of undeclared Var jira.tickets.ui/tickets-table at line 40 /Users/irinamostovenko/Desktop/ddd/src/jira/core.cljs
WARNING: Use of undeclared Var jira.tickets.ui/tickets-table at line 40 /Users/irinamostovenko/Desktop/ddd/src/jira/core.cljs
notifying browser that file changed:  out/jira/core.js
[32mSuccessfully compiled "resources/public/js/compiled/jira.js" in 0.725 seconds.[0m
[0mCompiling "resources/public/js/compiled/jira.js" from ["src" "script"]...
[31mCompiling "resources/public/js/compiled/jira.js" failed.
[0mANALYSIS ERROR: Syntax error at ((rum/local {:type :0, :status :0, :prior :0, :subj "", :descr "", :assi (clojure.core/deref u.db/current-u)} :jira.tickets.ui/ticket) (rum/local "" :jira.tickets.ui/error) [state on-close-fn] (println (pr-str state)) (let [v (:jira.tickets.ui/ticket state) error (:jira.tickets.ui/error state) show-error? (not (str/blank? (clojure.core/deref error))) on-alert-dismiss (fn* [] (reset! error "")) on-change (fn [key e] (swap! v assoc key (-> e .-target .-value))) on-subj-change (fn* [p1__20891#] (on-change :subj p1__20891#)) on-descr-change (fn* [p1__20892#] (on-change :descr p1__20892#)) on-assi-change (fn* [p1__20893#] (on-change :assi p1__20893#)) on-status-change (fn [new-status] (swap! v assoc :status new-status)) on-prior-change (fn [new-prior] (swap! v assoc :prior new-prior)) on-type-change (fn [new-type] (swap! v assoc :type new-type)) on-submit (fn* [] (let [res (t.db/create-t! (clojure.core/deref p.db/selected-p) (:type (clojure.core/deref v)) (:prior (clojure.core/deref v)) (:status (clojure.core/deref v)) (:subj (clojure.core/deref v)) (:descr (clojure.core/deref v)) (u.db/u-login->id (:assi (clojure.core/deref v)))) err (get res :error)] (if err (reset! error err) (on-close-fn))))] [:div.overlay [:div.popup [:div.popup-header [:h3 "Create New Ticket"] [:a.close {:on-click on-close-fn} "x"]] [:div.popup-content [:form.form-horizontal {:role "form"} (comp/my-btn-group "Type:" :type t.db/t-type on-type-change v) (comp/my-btn-group "Status:" :status t.db/t-status on-status-change v) (comp/my-btn-group "Priority:" :prior t.db/t-prior on-prior-change v) [:div.form-group.required [:label.control-label.col-sm-4 {:for "t-subj"} "Subject:"] [:div.col-sm-6 [:input.form-control#t-subj {:type "text", :placeholder "ticket subj", :value (:subj (clojure.core/deref v)), :required "required", :on-change on-subj-change}]]] [:div.form-group.required [:label.control-label.col-sm-4 {:for "users"} "Assignee:"] [:div.col-sm-6 [:select.form-control#users {:on-change on-assi-change, :value (:assi (clojure.core/deref v))} (for [i (keys (clojure.core/deref u.db/users))] [:option (((clojure.core/deref u.db/users) i) :login)])]]] [:div.form-group [:label.control-label.col-sm-4 {:for "t-descr"} "Description:"] [:div.col-sm-6 [:textarea.form-control {:type "text", :id "t-descr", :rows "3", :placeholder "ticket description", :value (:descr (clojure.core/deref v)), :on-change on-descr-change}]]]] (when show-error? (comp/alert-error (clojure.core/deref error) on-alert-dismiss))] [:div.popup-footer [:div [:button.btn.btn-default {:type "button", :on-click on-close-fn} "Cancel"] [:button.btn.btn-success {:type "submit", :on-click on-submit} "Create"]]]]])) at line 48 src/jira/tickets/ui.cljs on file src/jira/tickets/ui.cljs, line 48, column 1
[32mSuccessfully compiled "resources/public/js/compiled/jira.js" in 0.39 seconds.[0m
[0mCompiling "resources/public/js/compiled/jira.js" from ["src" "script"]...
[31mCompiling "resources/public/js/compiled/jira.js" failed.
[0mANALYSIS ERROR: Syntax error at ((rum/local {:type :0, :status :0, :prior :0, :subj "", :descr "", :assi ""} :jira.tickets.ui/ticket) (rum/local "" :jira.tickets.ui/error) [state on-close-fn] (println (pr-str state)) (let [v (:jira.tickets.ui/ticket state) error (:jira.tickets.ui/error state) show-error? (not (str/blank? (clojure.core/deref error))) on-alert-dismiss (fn* [] (reset! error "")) on-change (fn [key e] (swap! v assoc key (-> e .-target .-value))) on-subj-change (fn* [p1__20899#] (on-change :subj p1__20899#)) on-descr-change (fn* [p1__20900#] (on-change :descr p1__20900#)) on-assi-change (fn* [p1__20901#] (on-change :assi p1__20901#)) on-status-change (fn [new-status] (swap! v assoc :status new-status)) on-prior-change (fn [new-prior] (swap! v assoc :prior new-prior)) on-type-change (fn [new-type] (swap! v assoc :type new-type)) on-submit (fn* [] (let [res (t.db/create-t! (clojure.core/deref p.db/selected-p) (:type (clojure.core/deref v)) (:prior (clojure.core/deref v)) (:status (clojure.core/deref v)) (:subj (clojure.core/deref v)) (:descr (clojure.core/deref v)) (u.db/u-login->id (:assi (clojure.core/deref v)))) err (get res :error)] (if err (reset! error err) (on-close-fn))))] (when (nil? :assi (clojure.core/deref v)) (swap! v assoc :assi (clojure.core/deref u.db/current-u))) [:div.overlay [:div.popup [:div.popup-header [:h3 "Create New Ticket"] [:a.close {:on-click on-close-fn} "x"]] [:div.popup-content [:form.form-horizontal {:role "form"} (comp/my-btn-group "Type:" :type t.db/t-type on-type-change v) (comp/my-btn-group "Status:" :status t.db/t-status on-status-change v) (comp/my-btn-group "Priority:" :prior t.db/t-prior on-prior-change v) [:div.form-group.required [:label.control-label.col-sm-4 {:for "t-subj"} "Subject:"] [:div.col-sm-6 [:input.form-control#t-subj {:type "text", :placeholder "ticket subj", :value (:subj (clojure.core/deref v)), :required "required", :on-change on-subj-change}]]] [:div.form-group.required [:label.control-label.col-sm-4 {:for "users"} "Assignee:"] [:div.col-sm-6 [:select.form-control#users {:on-change on-assi-change, :value (:assi (clojure.core/deref v))} (for [i (keys (clojure.core/deref u.db/users))] [:option (((clojure.core/deref u.db/users) i) :login)])]]] [:div.form-group [:label.control-label.col-sm-4 {:for "t-descr"} "Description:"] [:div.col-sm-6 [:textarea.form-control {:type "text", :id "t-descr", :rows "3", :placeholder "ticket description", :value (:descr (clojure.core/deref v)), :on-change on-descr-change}]]]] (when show-error? (comp/alert-error (clojure.core/deref error) on-alert-dismiss))] [:div.popup-footer [:div [:button.btn.btn-default {:type "button", :on-click on-close-fn} "Cancel"] [:button.btn.btn-success {:type "submit", :on-click on-submit} "Create"]]]]])) at line 48 src/jira/tickets/ui.cljs on file src/jira/tickets/ui.cljs, line 48, column 1
[32mSuccessfully compiled "resources/public/js/compiled/jira.js" in 0.341 seconds.[0m
[0mCompiling "resources/public/js/compiled/jira.js" from ["src" "script"]...
[31mCompiling "resources/public/js/compiled/jira.js" failed.
[0mANALYSIS ERROR: Syntax error at ((rum/local {:type :0, :status :0, :prior :0, :subj "", :descr "", :assi ""} :jira.tickets.ui/ticket) (rum/local "" :jira.tickets.ui/error) [state on-close-fn] (println (pr-str state)) (let [v (:jira.tickets.ui/ticket state) error (:jira.tickets.ui/error state) show-error? (not (str/blank? (clojure.core/deref error))) on-alert-dismiss (fn* [] (reset! error "")) on-change (fn [key e] (swap! v assoc key (-> e .-target .-value))) on-subj-change (fn* [p1__20907#] (on-change :subj p1__20907#)) on-descr-change (fn* [p1__20908#] (on-change :descr p1__20908#)) on-assi-change (fn* [p1__20909#] (on-change :assi p1__20909#)) on-status-change (fn [new-status] (swap! v assoc :status new-status)) on-prior-change (fn [new-prior] (swap! v assoc :prior new-prior)) on-type-change (fn [new-type] (swap! v assoc :type new-type)) on-submit (fn* [] (let [res (t.db/create-t! (clojure.core/deref p.db/selected-p) (:type (clojure.core/deref v)) (:prior (clojure.core/deref v)) (:status (clojure.core/deref v)) (:subj (clojure.core/deref v)) (:descr (clojure.core/deref v)) (u.db/u-login->id (:assi (clojure.core/deref v)))) err (get res :error)] (if err (reset! error err) (on-close-fn))))] (when (nil? (:assi (clojure.core/deref v))) (swap! v assoc :assi (clojure.core/deref u.db/current-u))) [:div.overlay [:div.popup [:div.popup-header [:h3 "Create New Ticket"] [:a.close {:on-click on-close-fn} "x"]] [:div.popup-content [:form.form-horizontal {:role "form"} (comp/my-btn-group "Type:" :type t.db/t-type on-type-change v) (comp/my-btn-group "Status:" :status t.db/t-status on-status-change v) (comp/my-btn-group "Priority:" :prior t.db/t-prior on-prior-change v) [:div.form-group.required [:label.control-label.col-sm-4 {:for "t-subj"} "Subject:"] [:div.col-sm-6 [:input.form-control#t-subj {:type "text", :placeholder "ticket subj", :value (:subj (clojure.core/deref v)), :required "required", :on-change on-subj-change}]]] [:div.form-group.required [:label.control-label.col-sm-4 {:for "users"} "Assignee:"] [:div.col-sm-6 [:select.form-control#users {:on-change on-assi-change, :value (:assi (clojure.core/deref v))} (for [i (keys (clojure.core/deref u.db/users))] [:option (((clojure.core/deref u.db/users) i) :login)])]]] [:div.form-group [:label.control-label.col-sm-4 {:for "t-descr"} "Description:"] [:div.col-sm-6 [:textarea.form-control {:type "text", :id "t-descr", :rows "3", :placeholder "ticket description", :value (:descr (clojure.core/deref v)), :on-change on-descr-change}]]]] (when show-error? (comp/alert-error (clojure.core/deref error) on-alert-dismiss))] [:div.popup-footer [:div [:button.btn.btn-default {:type "button", :on-click on-close-fn} "Cancel"] [:button.btn.btn-success {:type "submit", :on-click on-submit} "Create"]]]]])) at line 48 src/jira/tickets/ui.cljs on file src/jira/tickets/ui.cljs, line 48, column 1
[32mSuccessfully compiled "resources/public/js/compiled/jira.js" in 0.31 seconds.[0m
[0mCompiling "resources/public/js/compiled/jira.js" from ["src" "script"]...
[31mCompiling "resources/public/js/compiled/jira.js" failed.
[0mANALYSIS ERROR: Syntax error at ((rum/local {:type :0, :status :0, :prior :0, :subj "", :descr "", :assi nil} :jira.tickets.ui/ticket) (rum/local "" :jira.tickets.ui/error) [state on-close-fn] (println (pr-str state)) (let [v (:jira.tickets.ui/ticket state) error (:jira.tickets.ui/error state) show-error? (not (str/blank? (clojure.core/deref error))) on-alert-dismiss (fn* [] (reset! error "")) on-change (fn [key e] (swap! v assoc key (-> e .-target .-value))) on-subj-change (fn* [p1__20915#] (on-change :subj p1__20915#)) on-descr-change (fn* [p1__20916#] (on-change :descr p1__20916#)) on-assi-change (fn* [p1__20917#] (on-change :assi p1__20917#)) on-status-change (fn [new-status] (swap! v assoc :status new-status)) on-prior-change (fn [new-prior] (swap! v assoc :prior new-prior)) on-type-change (fn [new-type] (swap! v assoc :type new-type)) on-submit (fn* [] (let [res (t.db/create-t! (clojure.core/deref p.db/selected-p) (:type (clojure.core/deref v)) (:prior (clojure.core/deref v)) (:status (clojure.core/deref v)) (:subj (clojure.core/deref v)) (:descr (clojure.core/deref v)) (u.db/u-login->id (:assi (clojure.core/deref v)))) err (get res :error)] (if err (reset! error err) (on-close-fn))))] (when (nil? (:assi (clojure.core/deref v))) (swap! v assoc :assi (clojure.core/deref u.db/current-u))) [:div.overlay [:div.popup [:div.popup-header [:h3 "Create New Ticket"] [:a.close {:on-click on-close-fn} "x"]] [:div.popup-content [:form.form-horizontal {:role "form"} (comp/my-btn-group "Type:" :type t.db/t-type on-type-change v) (comp/my-btn-group "Status:" :status t.db/t-status on-status-change v) (comp/my-btn-group "Priority:" :prior t.db/t-prior on-prior-change v) [:div.form-group.required [:label.control-label.col-sm-4 {:for "t-subj"} "Subject:"] [:div.col-sm-6 [:input.form-control#t-subj {:type "text", :placeholder "ticket subj", :value (:subj (clojure.core/deref v)), :required "required", :on-change on-subj-change}]]] [:div.form-group.required [:label.control-label.col-sm-4 {:for "users"} "Assignee:"] [:div.col-sm-6 [:select.form-control#users {:on-change on-assi-change, :value (:assi (clojure.core/deref v))} (for [i (keys (clojure.core/deref u.db/users))] [:option (((clojure.core/deref u.db/users) i) :login)])]]] [:div.form-group [:label.control-label.col-sm-4 {:for "t-descr"} "Description:"] [:div.col-sm-6 [:textarea.form-control {:type "text", :id "t-descr", :rows "3", :placeholder "ticket description", :value (:descr (clojure.core/deref v)), :on-change on-descr-change}]]]] (when show-error? (comp/alert-error (clojure.core/deref error) on-alert-dismiss))] [:div.popup-footer [:div [:button.btn.btn-default {:type "button", :on-click on-close-fn} "Cancel"] [:button.btn.btn-success {:type "submit", :on-click on-submit} "Create"]]]]])) at line 48 src/jira/tickets/ui.cljs on file src/jira/tickets/ui.cljs, line 48, column 1
[32mSuccessfully compiled "resources/public/js/compiled/jira.js" in 0.29 seconds.[0m
[0mCompiling "resources/public/js/compiled/jira.js" from ["src" "script"]...
WARNING: Use of undeclared Var jira.tickets.ui/tickets-table at line 40 /Users/irinamostovenko/Desktop/ddd/src/jira/core.cljs
WARNING: Use of undeclared Var jira.tickets.ui/tickets-table at line 40 /Users/irinamostovenko/Desktop/ddd/src/jira/core.cljs
notifying browser that file changed:  out/jira/core.js
[32mSuccessfully compiled "resources/public/js/compiled/jira.js" in 0.494 seconds.[0m
[0mCompiling "resources/public/js/compiled/jira.js" from ["src" "script"]...
WARNING: Use of undeclared Var jira.tickets.ui/tickets-table at line 40 /Users/irinamostovenko/Desktop/ddd/src/jira/core.cljs
WARNING: Use of undeclared Var jira.tickets.ui/tickets-table at line 40 /Users/irinamostovenko/Desktop/ddd/src/jira/core.cljs
notifying browser that file changed:  out/jira/core.js
[32mSuccessfully compiled "resources/public/js/compiled/jira.js" in 0.626 seconds.[0m
[0mCompiling "resources/public/js/compiled/jira.js" from ["src" "script"]...
WARNING: Use of undeclared Var jira.tickets.ui/tickets-table at line 40 /Users/irinamostovenko/Desktop/ddd/src/jira/core.cljs
WARNING: Use of undeclared Var jira.tickets.ui/tickets-table at line 40 /Users/irinamostovenko/Desktop/ddd/src/jira/core.cljs
notifying browser that file changed:  out/jira/core.js
[32mSuccessfully compiled "resources/public/js/compiled/jira.js" in 0.555 seconds.[0m
[0mCompiling "resources/public/js/compiled/jira.js" from ["src" "script"]...
[31mCompiling "resources/public/js/compiled/jira.js" failed.
[0mANALYSIS ERROR: Syntax error at ((rum/local {:type :0, :status :0, :prior :0, :subj "", :descr "", :assi nil} :jira.tickets.ui/ticket) (rum/local "" :jira.tickets.ui/error) [state on-close-fn] (println (pr-str state)) (let [v (:jira.tickets.ui/ticket state) error (:jira.tickets.ui/error state) show-error? (not (str/blank? (clojure.core/deref error))) on-alert-dismiss (fn* [] (reset! error "")) on-change (fn [key e] (swap! v assoc key (-> e .-target .-value))) on-subj-change (fn* [p1__17445#] (on-change :subj p1__17445#)) on-descr-change (fn* [p1__17446#] (on-change :descr p1__17446#)) on-assi-change (fn* [p1__17447#] (on-change :assi p1__17447#)) on-status-change (fn [new-status] (swap! v assoc :status new-status)) on-prior-change (fn [new-prior] (swap! v assoc :prior new-prior)) on-type-change (fn [new-type] (swap! v assoc :type new-type)) on-submit (fn* [] (let [res (t.db/create-t! (clojure.core/deref p.db/selected-p) (:type (clojure.core/deref v)) (:prior (clojure.core/deref v)) (:status (clojure.core/deref v)) (:subj (clojure.core/deref v)) (:descr (clojure.core/deref v)) (u.db/u-login->id (:assi (clojure.core/deref v)))) err (get res :error)] (if err (reset! error err) (on-close-fn))))] (when (nil? (:assi (clojure.core/deref v))) (swap! v assoc :assi (clojure.core/deref u.db/current-u))) [:div.overlay [:div.popup [:div.popup-header [:h3 "Create New Ticket"] [:a.close {:on-click on-close-fn} "x"]] [:div.popup-content [:form.form-horizontal {:role "form"} (comp/my-btn-group "Type:" :type t.db/t-type on-type-change v) (comp/my-btn-group "Status:" :status t.db/t-status on-status-change v) (comp/my-btn-group "Priority:" :prior t.db/t-prior on-prior-change v) [:div.form-group.required [:label.control-label.col-sm-4 {:for "t-subj"} "Subject:"] [:div.col-sm-6 [:input.form-control#t-subj {:type "text", :placeholder "ticket subj", :value (:subj (clojure.core/deref v)), :required "required", :on-change on-subj-change}]]] [:div.form-group.required [:label.control-label.col-sm-4 {:for "users"} "Assignee:"] [:div.col-sm-6 [:select.form-control#users {:on-change on-assi-change, :value (:assi (clojure.core/deref v))} (for [i (keys (clojure.core/deref u.db/users))] [:option (((clojure.core/deref u.db/users) i) :login)])]]] [:div.form-group [:label.control-label.col-sm-4 {:for "t-descr"} "Description:"] [:div.col-sm-6 [:textarea.form-control {:type "text", :id "t-descr", :rows "3", :placeholder "ticket description", :value (:descr (clojure.core/deref v)), :on-change on-descr-change}]]]] (when show-error? (comp/alert-error (clojure.core/deref error) on-alert-dismiss))] [:div.popup-footer [:div [:button.btn.btn-default {:type "button", :on-click on-close-fn} "Cancel"] [:button.btn.btn-success {:type "submit", :on-click on-submit} "Create"]]]]])) at line 48 /Users/irinamostovenko/Desktop/ddd/src/jira/tickets/ui.cljs on file /Users/irinamostovenko/Desktop/ddd/src/jira/tickets/ui.cljs, line 48, column 1
[32mSuccessfully compiled "resources/public/js/compiled/jira.js" in 0.921 seconds.[0m
[0mCompiling "resources/public/js/compiled/jira.js" from ["src" "script"]...
WARNING: Use of undeclared Var jira.tickets.ui/tickets-table at line 40 /Users/irinamostovenko/Desktop/ddd/src/jira/core.cljs
WARNING: Use of undeclared Var jira.tickets.ui/tickets-table at line 40 /Users/irinamostovenko/Desktop/ddd/src/jira/core.cljs
notifying browser that file changed:  resources/public/js/compiled/out/goog/deps.js
notifying browser that file changed:  resources/public/js/compiled/out/cljs_deps.js
notifying browser that file changed:  out/jira/core.js
[32mSuccessfully compiled "resources/public/js/compiled/jira.js" in 2.289 seconds.[0m
[0mCompiling "resources/public/js/compiled/jira.js" from ["src" "script"]...
[31mCompiling "resources/public/js/compiled/jira.js" failed.
[0mANALYSIS ERROR: Syntax error at ((rum/local {:type :0, :status :0, :prior :0, :subj "", :descr "", :assi ""} :jira.tickets.ui/ticket) (rum/local "" :jira.tickets.ui/error) [state on-close-fn] (println (pr-str state)) (let [v (:jira.tickets.ui/ticket state) error (:jira.tickets.ui/error state) show-error? (not (str/blank? (clojure.core/deref error))) on-alert-dismiss (fn* [] (reset! error "")) on-change (fn [key e] (swap! v assoc key (-> e .-target .-value))) on-subj-change (fn* [p1__17440#] (on-change :subj p1__17440#)) on-descr-change (fn* [p1__17441#] (on-change :descr p1__17441#)) on-assi-change (fn* [p1__17442#] (on-change :assi p1__17442#)) on-status-change (fn [new-status] (swap! v assoc :status new-status)) on-prior-change (fn [new-prior] (swap! v assoc :prior new-prior)) on-type-change (fn [new-type] (swap! v assoc :type new-type)) on-submit (fn* [] (let [res (t.db/create-t! (clojure.core/deref p.db/selected-p) (:type (clojure.core/deref v)) (:prior (clojure.core/deref v)) (:status (clojure.core/deref v)) (:subj (clojure.core/deref v)) (:descr (clojure.core/deref v)) (u.db/u-login->id (:assi (clojure.core/deref v)))) err (get res :error)] (if err (reset! error err) (on-close-fn))))] (when (empty? (:assi (clojure.core/deref v))) (swap! v assoc :assi (clojure.core/deref u.db/current-u))) [:div.overlay [:div.popup [:div.popup-header [:h3 "Create New Ticket"] [:a.close {:on-click on-close-fn} "x"]] [:div.popup-content [:form.form-horizontal {:role "form"} (comp/my-btn-group "Type:" :type t.db/t-type on-type-change v) (comp/my-btn-group "Status:" :status t.db/t-status on-status-change v) (comp/my-btn-group "Priority:" :prior t.db/t-prior on-prior-change v) [:div.form-group.required [:label.control-label.col-sm-4 {:for "t-subj"} "Subject:"] [:div.col-sm-6 [:input.form-control#t-subj {:type "text", :placeholder "ticket subj", :value (:subj (clojure.core/deref v)), :required "required", :on-change on-subj-change}]]] [:div.form-group.required [:label.control-label.col-sm-4 {:for "users"} "Assignee:"] [:div.col-sm-6 [:select.form-control#users {:on-change on-assi-change, :value (:assi (clojure.core/deref v))} (for [i (keys (clojure.core/deref u.db/users))] [:option (((clojure.core/deref u.db/users) i) :login)])]]] [:div.form-group [:label.control-label.col-sm-4 {:for "t-descr"} "Description:"] [:div.col-sm-6 [:textarea.form-control {:type "text", :id "t-descr", :rows "3", :placeholder "ticket description", :value (:descr (clojure.core/deref v)), :on-change on-descr-change}]]]] (when show-error? (comp/alert-error (clojure.core/deref error) on-alert-dismiss))] [:div.popup-footer [:div [:button.btn.btn-default {:type "button", :on-click on-close-fn} "Cancel"] [:button.btn.btn-success {:type "submit", :on-click on-submit} "Create"]]]]])) at line 48 src/jira/tickets/ui.cljs on file src/jira/tickets/ui.cljs, line 48, column 1
[32mSuccessfully compiled "resources/public/js/compiled/jira.js" in 0.571 seconds.[0m
[0mCompiling "resources/public/js/compiled/jira.js" from ["src" "script"]...
[0mCompiling "resources/public/js/compiled/jira.js" from ["src" "script"]...
notifying browser that file changed:  resources/public/js/compiled/out/goog/deps.js
notifying browser that file changed:  resources/public/js/compiled/out/cljs_deps.js
notifying browser that file changed:  out/jira/core.js
[32mSuccessfully compiled "resources/public/js/compiled/jira.js" in 0.936 seconds.[0m
[0mCompiling "resources/public/js/compiled/jira.js" from ["src" "script"]...
notifying browser that file changed:  out/jira/tickets/ui.js
[32mSuccessfully compiled "resources/public/js/compiled/jira.js" in 2.07 seconds.[0m
[0mCompiling "resources/public/js/compiled/jira.js" from ["src" "script"]...
notifying browser that file changed:  out/jira/tickets/ui.js
[32mSuccessfully compiled "resources/public/js/compiled/jira.js" in 2.039 seconds.[0m
[0mCompiling "resources/public/js/compiled/jira.js" from ["src" "script"]...
notifying browser that file changed:  out/jira/tickets/ui.js
[32mSuccessfully compiled "resources/public/js/compiled/jira.js" in 1.005 seconds.[0m
[0mCompiling "resources/public/js/compiled/jira.js" from ["src" "script"]...
notifying browser that file changed:  out/jira/tickets/ui.js
[32mSuccessfully compiled "resources/public/js/compiled/jira.js" in 1.531 seconds.[0m
[0mCompiling "resources/public/js/compiled/jira.js" from ["src" "script"]...
notifying browser that file changed:  out/jira/tickets/ui.js
[32mSuccessfully compiled "resources/public/js/compiled/jira.js" in 0.979 seconds.[0m
[0mCompiling "resources/public/js/compiled/jira.js" from ["src" "script"]...
notifying browser that file changed:  out/jira/tickets/ui.js
[32mSuccessfully compiled "resources/public/js/compiled/jira.js" in 1.373 seconds.[0m
[0mCompiling "resources/public/js/compiled/jira.js" from ["src" "script"]...
notifying browser that file changed:  out/jira/tickets/ui.js
[32mSuccessfully compiled "resources/public/js/compiled/jira.js" in 1.719 seconds.[0m
[0mCompiling "resources/public/js/compiled/jira.js" from ["src" "script"]...
notifying browser that file changed:  resources/public/js/compiled/out/cljs_deps.js
notifying browser that file changed:  out/jira/tickets/ui.js
[32mSuccessfully compiled "resources/public/js/compiled/jira.js" in 0.756 seconds.[0m
[0mCompiling "resources/public/js/compiled/jira.js" from ["src" "script"]...
notifying browser that file changed:  resources/public/js/compiled/out/cljs_deps.js
notifying browser that file changed:  out/jira/components.js
[32mSuccessfully compiled "resources/public/js/compiled/jira.js" in 0.616 seconds.[0m
[0mCompiling "resources/public/js/compiled/jira.js" from ["src" "script"]...
notifying browser that file changed:  out/jira/tickets/ui.js
[32mSuccessfully compiled "resources/public/js/compiled/jira.js" in 1.325 seconds.[0m
[0mCompiling "resources/public/js/compiled/jira.js" from ["src" "script"]...
notifying browser that file changed:  out/jira/tickets/ui.js
[32mSuccessfully compiled "resources/public/js/compiled/jira.js" in 1.577 seconds.[0m
[0mCompiling "resources/public/js/compiled/jira.js" from ["src" "script"]...
notifying browser that file changed:  out/jira/tickets/ui.js
[32mSuccessfully compiled "resources/public/js/compiled/jira.js" in 2.286 seconds.[0m
[0mCompiling "resources/public/js/compiled/jira.js" from ["src" "script"]...
notifying browser that file changed:  out/jira/tickets/ui.js
[32mSuccessfully compiled "resources/public/js/compiled/jira.js" in 0.654 seconds.[0m
[0mCompiling "resources/public/js/compiled/jira.js" from ["src" "script"]...
notifying browser that file changed:  out/jira/tickets/ui.js
[32mSuccessfully compiled "resources/public/js/compiled/jira.js" in 1.069 seconds.[0m
[0mCompiling "resources/public/js/compiled/jira.js" from ["src" "script"]...
notifying browser that file changed:  resources/public/js/compiled/out/cljs_deps.js
notifying browser that file changed:  out/jira/projects/ui.js
notifying browser that file changed:  out/jira/users/ui.js
[32mSuccessfully compiled "resources/public/js/compiled/jira.js" in 0.512 seconds.[0m
[0mCompiling "resources/public/js/compiled/jira.js" from ["src" "script"]...
notifying browser that file changed:  out/jira/tickets/ui.js
[32mSuccessfully compiled "resources/public/js/compiled/jira.js" in 1.396 seconds.[0m
[0mCompiling "resources/public/js/compiled/jira.js" from ["src" "script"]...
notifying browser that file changed:  out/jira/tickets/ui.js
[32mSuccessfully compiled "resources/public/js/compiled/jira.js" in 0.68 seconds.[0m
[0mCompiling "resources/public/js/compiled/jira.js" from ["src" "script"]...
notifying browser that file changed:  out/jira/tickets/ui.js
[32mSuccessfully compiled "resources/public/js/compiled/jira.js" in 0.794 seconds.[0m
[0mCompiling "resources/public/js/compiled/jira.js" from ["src" "script"]...
notifying browser that file changed:  out/jira/tickets/ui.js
[32mSuccessfully compiled "resources/public/js/compiled/jira.js" in 0.898 seconds.[0m
[0mCompiling "resources/public/js/compiled/jira.js" from ["src" "script"]...
notifying browser that file changed:  out/jira/tickets/ui.js
[32mSuccessfully compiled "resources/public/js/compiled/jira.js" in 1.063 seconds.[0m
[0mCompiling "resources/public/js/compiled/jira.js" from ["src" "script"]...
notifying browser that file changed:  out/jira/tickets/ui.js
[32mSuccessfully compiled "resources/public/js/compiled/jira.js" in 0.554 seconds.[0m
[0mCompiling "resources/public/js/compiled/jira.js" from ["src" "script"]...
notifying browser that file changed:  out/jira/tickets/ui.js
[32mSuccessfully compiled "resources/public/js/compiled/jira.js" in 0.625 seconds.[0m
[0mCompiling "resources/public/js/compiled/jira.js" from ["src" "script"]...
notifying browser that file changed:  out/jira/tickets/ui.js
[32mSuccessfully compiled "resources/public/js/compiled/jira.js" in 0.546 seconds.[0m
[0mCompiling "resources/public/js/compiled/jira.js" from ["src" "script"]...
notifying browser that file changed:  out/jira/tickets/ui.js
notifying browser that file changed:  out/jira/projects/ui.js
[32mSuccessfully compiled "resources/public/js/compiled/jira.js" in 0.607 seconds.[0m
[0mCompiling "resources/public/js/compiled/jira.js" from ["src" "script"]...
notifying browser that file changed:  resources/public/js/compiled/out/goog/deps.js
notifying browser that file changed:  resources/public/js/compiled/out/cljs_deps.js
notifying browser that file changed:  out/jira/projects/ui.js
[32mSuccessfully compiled "resources/public/js/compiled/jira.js" in 1.476 seconds.[0m
[0mCompiling "resources/public/js/compiled/jira.js" from ["src" "script"]...
notifying browser that file changed:  out/jira/tickets/ui.js
[32mSuccessfully compiled "resources/public/js/compiled/jira.js" in 2.543 seconds.[0m
[0mCompiling "resources/public/js/compiled/jira.js" from ["src" "script"]...
WARNING: Use of undeclared Var jira.tickets.ui/search at line 460 /Users/irinamostovenko/Desktop/ddd/src/jira/tickets/ui.cljs
WARNING: Use of undeclared Var jira.tickets.ui/search at line 465 /Users/irinamostovenko/Desktop/ddd/src/jira/tickets/ui.cljs
notifying browser that file changed:  out/jira/tickets/ui.js
[32mSuccessfully compiled "resources/public/js/compiled/jira.js" in 1.843 seconds.[0m
[0mCompiling "resources/public/js/compiled/jira.js" from ["src" "script"]...
notifying browser that file changed:  out/jira/tickets/ui.js
[32mSuccessfully compiled "resources/public/js/compiled/jira.js" in 1.105 seconds.[0m
[0mCompiling "resources/public/js/compiled/jira.js" from ["src" "script"]...
WARNING: Use of undeclared Var jira.tickets.ui/state at line 357 /Users/irinamostovenko/Desktop/ddd/src/jira/tickets/ui.cljs
notifying browser that file changed:  out/jira/tickets/ui.js
[32mSuccessfully compiled "resources/public/js/compiled/jira.js" in 1.51 seconds.[0m
[0mCompiling "resources/public/js/compiled/jira.js" from ["src" "script"]...
[31mCompiling "resources/public/js/compiled/jira.js" failed.
[0mANALYSIS ERROR: Syntax error at ((rum/local nil :jira.tickets.ui/sort) [state tickets-map] (let [tickets-map tickets-map sorted-by (fn [key order] (sort-by key order tickets-map)) col-sortable (fn [column-title column-key] [:th column-title [:a {:on-click (fn* [] (sorted-by column-key >))} " desc"] [:a {:on-click (fn* [] (sorted-by column-key <))} " asc"]])] [:table.table.table-condensed [:thead [:tr (col-sortable "ID" :id) (col-sortable "Type" :type) (col-sortable "Priority" :prior) (col-sortable "Subject" :subj) (col-sortable "Assignee" :assignee) (col-sortable "Creator" :creator) (col-sortable "Status" :status) [:th "Actions"]]] [:tbody (for [ticket (clojure.core/deref tickets)] (t-line ticket))]])) at line 353 /Users/irinamostovenko/Desktop/ddd/src/jira/tickets/ui.cljs on file /Users/irinamostovenko/Desktop/ddd/src/jira/tickets/ui.cljs, line 353, column 1
[32mSuccessfully compiled "resources/public/js/compiled/jira.js" in 0.982 seconds.[0m
[0mCompiling "resources/public/js/compiled/jira.js" from ["src" "script"]...
WARNING: Use of undeclared Var jira.tickets.ui/tickets at line 378 /Users/irinamostovenko/Desktop/ddd/src/jira/tickets/ui.cljs
notifying browser that file changed:  out/jira/tickets/ui.js
[32mSuccessfully compiled "resources/public/js/compiled/jira.js" in 1.354 seconds.[0m
[0mCompiling "resources/public/js/compiled/jira.js" from ["src" "script"]...
[31mCompiling "resources/public/js/compiled/jira.js" failed.
[0mANALYSIS ERROR: Syntax error at ((rum/local nil :jira.tickets.ui/sort) [state tickets-map] (let [state state tickets-map tickets-map sorted-by (fn [key order] (sort-by key order tickets-map)) col-sortable (fn [column-title column-key] [:th column-title [:a {:on-click (fn* [] (sorted-by column-key >))} " desc"] [:a {:on-click (fn* [] (sorted-by column-key <))} " asc"]])] [:table.table.table-condensed [:thead [:tr (col-sortable "ID" :id) (col-sortable "Type" :type) (col-sortable "Priority" :prior) (col-sortable "Subject" :subj) (col-sortable "Assignee" :assignee) (col-sortable "Creator" :creator) (col-sortable "Status" :status) [:th "Actions"]]] [:tbody (for [ticket (clojure.core/deref tickets)] (t-line ticket))]])) at line 353 /Users/irinamostovenko/Desktop/ddd/src/jira/tickets/ui.cljs on file /Users/irinamostovenko/Desktop/ddd/src/jira/tickets/ui.cljs, line 353, column 1
[32mSuccessfully compiled "resources/public/js/compiled/jira.js" in 0.437 seconds.[0m
[0mCompiling "resources/public/js/compiled/jira.js" from ["src" "script"]...
[31mCompiling "resources/public/js/compiled/jira.js" failed.
[0mANALYSIS ERROR: Syntax error at ((rum/local nil :jira.tickets.ui/sort) [state tickets-map] (let [state state tickets-map tickets-map S (:jira.tickets.ui/sort state) sorted-by (fn [key order] (sort-by key order tickets-map)) col-sortable (fn [column-title column-key] [:th column-title [:a {:on-click (fn* [] (sorted-by column-key >))} " desc"] [:a {:on-click (fn* [] (sorted-by column-key <))} " asc"]])] [:table.table.table-condensed [:thead [:tr (col-sortable "ID" :id) (col-sortable "Type" :type) (col-sortable "Priority" :prior) (col-sortable "Subject" :subj) (col-sortable "Assignee" :assignee) (col-sortable "Creator" :creator) (col-sortable "Status" :status) [:th "Actions"]]] [:tbody (for [ticket (clojure.core/deref tickets)] (t-line ticket))]])) at line 353 /Users/irinamostovenko/Desktop/ddd/src/jira/tickets/ui.cljs on file /Users/irinamostovenko/Desktop/ddd/src/jira/tickets/ui.cljs, line 353, column 1
[32mSuccessfully compiled "resources/public/js/compiled/jira.js" in 0.425 seconds.[0m
[0mCompiling "resources/public/js/compiled/jira.js" from ["src" "script"]...
[31mCompiling "resources/public/js/compiled/jira.js" failed.
[0mANALYSIS ERROR: Syntax error at ((rum/local [:id >] :jira.tickets.ui/sort) [state tickets-map] (let [state state tickets-map tickets-map S (:jira.tickets.ui/sort state) sorted-by (fn [key order] (sort-by key order tickets-map)) col-sortable (fn [column-title column-key] [:th column-title [:a {:on-click (fn* [] (sorted-by column-key >))} " desc"] [:a {:on-click (fn* [] (sorted-by column-key <))} " asc"]])] [:table.table.table-condensed [:thead [:tr (col-sortable "ID" :id) (col-sortable "Type" :type) (col-sortable "Priority" :prior) (col-sortable "Subject" :subj) (col-sortable "Assignee" :assignee) (col-sortable "Creator" :creator) (col-sortable "Status" :status) [:th "Actions"]]] [:tbody (for [ticket (clojure.core/deref tickets)] (t-line ticket))]])) at line 353 /Users/irinamostovenko/Desktop/ddd/src/jira/tickets/ui.cljs on file /Users/irinamostovenko/Desktop/ddd/src/jira/tickets/ui.cljs, line 353, column 1
[32mSuccessfully compiled "resources/public/js/compiled/jira.js" in 0.746 seconds.[0m
[0mCompiling "resources/public/js/compiled/jira.js" from ["src" "script"]...
[31mCompiling "resources/public/js/compiled/jira.js" failed.
[0mANALYSIS ERROR: Syntax error at ((rum/local :id :jira.tickets.ui/key) (rum/local > :jira.tickets.ui/comparator) [state tickets-map] (let [state state tickets-map tickets-map K (:jira.tickets.ui/key state) C (:jira.tickets.ui/comparator state) sorted-tickets (sort-by (clojure.core/deref K) (clojure.core/deref C) tickets-map) sorted-by (fn [key order] (sort-by key order tickets-map)) col-sortable (fn [column-title column-key] [:th column-title [:a {:on-click (fn* [] (sorted-by column-key >))} " desc"] [:a {:on-click (fn* [] (sorted-by column-key <))} " asc"]])] [:table.table.table-condensed [:thead [:tr (col-sortable "ID" :id) (col-sortable "Type" :type) (col-sortable "Priority" :prior) (col-sortable "Subject" :subj) (col-sortable "Assignee" :assignee) (col-sortable "Creator" :creator) (col-sortable "Status" :status) [:th "Actions"]]] [:tbody (for [ticket sorted-tickets] (t-line ticket))]])) at line 353 /Users/irinamostovenko/Desktop/ddd/src/jira/tickets/ui.cljs on file /Users/irinamostovenko/Desktop/ddd/src/jira/tickets/ui.cljs, line 353, column 1
[32mSuccessfully compiled "resources/public/js/compiled/jira.js" in 0.405 seconds.[0m
[0mCompiling "resources/public/js/compiled/jira.js" from ["src" "script"]...
[31mCompiling "resources/public/js/compiled/jira.js" failed.
[0mANALYSIS ERROR: Syntax error at ((rum/local :id :jira.tickets.ui/key) (rum/local > :jira.tickets.ui/comparator) [state tickets-map] (let [state state tickets-map tickets-map K (:jira.tickets.ui/key state) C (:jira.tickets.ui/comparator state) sorted-tickets (sort-by (clojure.core/deref K) (clojure.core/deref C) tickets-map) s (fn [k c] (swap! K k) (swap! C c)) col-sortable (fn [column-title column-key] [:th column-title [:a {:on-click (fn* [] (s column-key >))} " desc"] [:a {:on-click (fn* [] (s column-key <))} " asc"]])] [:table.table.table-condensed [:thead [:tr (col-sortable "ID" :id) (col-sortable "Type" :type) (col-sortable "Priority" :prior) (col-sortable "Subject" :subj) (col-sortable "Assignee" :assignee) (col-sortable "Creator" :creator) (col-sortable "Status" :status) [:th "Actions"]]] [:tbody (for [ticket sorted-tickets] (t-line ticket))]])) at line 353 /Users/irinamostovenko/Desktop/ddd/src/jira/tickets/ui.cljs on file /Users/irinamostovenko/Desktop/ddd/src/jira/tickets/ui.cljs, line 353, column 1
[32mSuccessfully compiled "resources/public/js/compiled/jira.js" in 0.489 seconds.[0m
[0mCompiling "resources/public/js/compiled/jira.js" from ["src" "script"]...
[31mCompiling "resources/public/js/compiled/jira.js" failed.
[0mANALYSIS ERROR: Syntax error at ((rum/local :id :jira.tickets.ui/key) (rum/local > :jira.tickets.ui/comparator) [state tickets-map] (let [state state tickets-map tickets-map K (:jira.tickets.ui/key state) C (:jira.tickets.ui/comparator state) sorted-tickets (sort-by (clojure.core/deref K) (clojure.core/deref C) tickets-map) s (fn [k c] (swap! K k) (swap! C c)) col-sortable (fn [column-title column-key] [:th column-title [:a {:on-click (fn* [] (s column-key >))} " desc"] [:a {:on-click (fn* [] (s column-key <))} " asc"]])] [:table.table.table-condensed [:thead [:tr (col-sortable "ID" :id) (col-sortable "Type" :type) (col-sortable "Priority" :prior) (col-sortable "Subject" :subj) (col-sortable "Assignee" :assignee) (col-sortable "Creator" :creator) (col-sortable "Status" :status) [:th "Actions"]]] [:tbody (for [ticket sorted-tickets] (t-line ticket))]])) at line 353 /Users/irinamostovenko/Desktop/ddd/src/jira/tickets/ui.cljs on file /Users/irinamostovenko/Desktop/ddd/src/jira/tickets/ui.cljs, line 353, column 1
[32mSuccessfully compiled "resources/public/js/compiled/jira.js" in 1.132 seconds.[0m
[0mCompiling "resources/public/js/compiled/jira.js" from ["src" "script"]...
[31mCompiling "resources/public/js/compiled/jira.js" failed.
[0mANALYSIS ERROR: Syntax error at ((rum/local :id :jira.tickets.ui/key) (rum/local > :jira.tickets.ui/comparator) [state tickets-map] (let [state state tickets-map tickets-map K (:jira.tickets.ui/key state) C (:jira.tickets.ui/comparator state) sorted-tickets (sort-by (clojure.core/deref K) (clojure.core/deref C) tickets-map) s (fn [k c] (swap! K k) (swap! C c)) col-sortable (fn [column-title column-key] [:th column-title [:a {:on-click (fn* [] (s column-key >))} " desc"] [:a {:on-click (fn* [] (s column-key <))} " asc"]])] [:table.table.table-condensed [:thead [:tr (col-sortable "ID" :id) (col-sortable "Type" :type) (col-sortable "Priority" :prior) (col-sortable "Subject" :subj) (col-sortable "Assignee" :assignee) (col-sortable "Creator" :creator) (col-sortable "Status" :status) [:th "Actions"]]] [:tbody (for [ticket sorted-tickets] (t-line ticket))]])) at line 353 /Users/irinamostovenko/Desktop/ddd/src/jira/tickets/ui.cljs on file /Users/irinamostovenko/Desktop/ddd/src/jira/tickets/ui.cljs, line 353, column 1
[32mSuccessfully compiled "resources/public/js/compiled/jira.js" in 0.596 seconds.[0m
[0mCompiling "resources/public/js/compiled/jira.js" from ["src" "script"]...
notifying browser that file changed:  resources/public/js/compiled/out/goog/deps.js
notifying browser that file changed:  resources/public/js/compiled/out/cljs_deps.js
notifying browser that file changed:  out/jira/tickets/ui.js
[32mSuccessfully compiled "resources/public/js/compiled/jira.js" in 2.79 seconds.[0m
[0mCompiling "resources/public/js/compiled/jira.js" from ["src" "script"]...
notifying browser that file changed:  out/jira/tickets/ui.js
[32mSuccessfully compiled "resources/public/js/compiled/jira.js" in 1.324 seconds.[0m
[0mCompiling "resources/public/js/compiled/jira.js" from ["src" "script"]...
WARNING: Use of undeclared Var jira.tickets.ui/s at line 354 /Users/irinamostovenko/Desktop/ddd/src/jira/tickets/ui.cljs
WARNING: Use of undeclared Var jira.tickets.ui/s at line 355 /Users/irinamostovenko/Desktop/ddd/src/jira/tickets/ui.cljs
WARNING: Use of undeclared Var jira.tickets.ui/s at line 354 /Users/irinamostovenko/Desktop/ddd/src/jira/tickets/ui.cljs
WARNING: Use of undeclared Var jira.tickets.ui/s at line 355 /Users/irinamostovenko/Desktop/ddd/src/jira/tickets/ui.cljs
notifying browser that file changed:  out/jira/tickets/ui.js
[32mSuccessfully compiled "resources/public/js/compiled/jira.js" in 2.012 seconds.[0m
[0mCompiling "resources/public/js/compiled/jira.js" from ["src" "script"]...
WARNING: Use of undeclared Var jira.tickets.ui/decalre at line 350 /Users/irinamostovenko/Desktop/ddd/src/jira/tickets/ui.cljs
WARNING: Use of undeclared Var jira.tickets.ui/col-sortable at line 350 /Users/irinamostovenko/Desktop/ddd/src/jira/tickets/ui.cljs
WARNING: Use of undeclared Var jira.tickets.ui/s at line 354 /Users/irinamostovenko/Desktop/ddd/src/jira/tickets/ui.cljs
WARNING: Use of undeclared Var jira.tickets.ui/s at line 355 /Users/irinamostovenko/Desktop/ddd/src/jira/tickets/ui.cljs
WARNING: Use of undeclared Var jira.tickets.ui/s at line 354 /Users/irinamostovenko/Desktop/ddd/src/jira/tickets/ui.cljs
WARNING: Use of undeclared Var jira.tickets.ui/s at line 355 /Users/irinamostovenko/Desktop/ddd/src/jira/tickets/ui.cljs
notifying browser that file changed:  out/jira/tickets/ui.js
[32mSuccessfully compiled "resources/public/js/compiled/jira.js" in 1.263 seconds.[0m
[0mCompiling "resources/public/js/compiled/jira.js" from ["src" "script"]...
notifying browser that file changed:  out/jira/tickets/ui.js
[32mSuccessfully compiled "resources/public/js/compiled/jira.js" in 0.821 seconds.[0m
[0mCompiling "resources/public/js/compiled/jira.js" from ["src" "script"]...
notifying browser that file changed:  out/jira/tickets/ui.js
[32mSuccessfully compiled "resources/public/js/compiled/jira.js" in 0.693 seconds.[0m
[0mCompiling "resources/public/js/compiled/jira.js" from ["src" "script"]...
notifying browser that file changed:  out/jira/tickets/ui.js
[32mSuccessfully compiled "resources/public/js/compiled/jira.js" in 1.335 seconds.[0m
[0mCompiling "resources/public/js/compiled/jira.js" from ["src" "script"]...
notifying browser that file changed:  out/jira/tickets/ui.js
[32mSuccessfully compiled "resources/public/js/compiled/jira.js" in 0.842 seconds.[0m
[0mCompiling "resources/public/js/compiled/jira.js" from ["src" "script"]...
notifying browser that file changed:  out/jira/tickets/ui.js
[32mSuccessfully compiled "resources/public/js/compiled/jira.js" in 1.769 seconds.[0m
[0mCompiling "resources/public/js/compiled/jira.js" from ["src" "script"]...
notifying browser that file changed:  out/jira/tickets/ui.js
[32mSuccessfully compiled "resources/public/js/compiled/jira.js" in 2.555 seconds.[0m
[0mCompiling "resources/public/js/compiled/jira.js" from ["src" "script"]...
notifying browser that file changed:  out/jira/tickets/ui.js
[32mSuccessfully compiled "resources/public/js/compiled/jira.js" in 0.973 seconds.[0m
[0mCompiling "resources/public/js/compiled/jira.js" from ["src" "script"]...
notifying browser that file changed:  out/jira/tickets/ui.js
[32mSuccessfully compiled "resources/public/js/compiled/jira.js" in 1.785 seconds.[0m
[0mCompiling "resources/public/js/compiled/jira.js" from ["src" "script"]...
notifying browser that file changed:  out/jira/tickets/ui.js
notifying browser that file changed:  out/jira/users/db.js
[32mSuccessfully compiled "resources/public/js/compiled/jira.js" in 1.949 seconds.[0m
[0mCompiling "resources/public/js/compiled/jira.js" from ["src" "script"]...
[32mSuccessfully compiled "resources/public/js/compiled/jira.js" in 0.729 seconds.[0m
[0mCompiling "resources/public/js/compiled/jira.js" from ["src" "script"]...
[32mSuccessfully compiled "resources/public/js/compiled/jira.js" in 1.109 seconds.[0m
[0mCompiling "resources/public/js/compiled/jira.js" from ["src" "script"]...
[0mCompiling "resources/public/js/compiled/jira.js" from ["src" "script"]...
[0mCompiling "resources/public/js/compiled/jira.js" from ["src" "script"]...
notifying browser that file changed:  resources/public/js/compiled/out/goog/deps.js
notifying browser that file changed:  resources/public/js/compiled/out/cljs_deps.js
notifying browser that file changed:  out/jira/tickets/ui.js
[32mSuccessfully compiled "resources/public/js/compiled/jira.js" in 1.956 seconds.[0m
[0mCompiling "resources/public/js/compiled/jira.js" from ["src" "script"]...
notifying browser that file changed:  out/jira/tickets/ui.js
[32mSuccessfully compiled "resources/public/js/compiled/jira.js" in 1.662 seconds.[0m
[0mCompiling "resources/public/js/compiled/jira.js" from ["src" "script"]...
notifying browser that file changed:  out/jira/tickets/ui.js
[32mSuccessfully compiled "resources/public/js/compiled/jira.js" in 1.317 seconds.[0m
[0mCompiling "resources/public/js/compiled/jira.js" from ["src" "script"]...
WARNING: Use of undeclared Var jira.tickets.ui/red at line 373 /Users/irinamostovenko/Desktop/ddd/src/jira/tickets/ui.cljs
notifying browser that file changed:  out/jira/tickets/ui.js
[32mSuccessfully compiled "resources/public/js/compiled/jira.js" in 1.601 seconds.[0m
[0mCompiling "resources/public/js/compiled/jira.js" from ["src" "script"]...
[31mCompiling "resources/public/js/compiled/jira.js" failed.
[0mERROR: Reader tag must be a symbol on file /Users/irinamostovenko/Desktop/ddd/src/jira/tickets/ui.cljs, line 373, column 50
[32mSuccessfully compiled "resources/public/js/compiled/jira.js" in 1.118 seconds.[0m
[0mCompiling "resources/public/js/compiled/jira.js" from ["src" "script"]...
notifying browser that file changed:  out/jira/tickets/ui.js
[32mSuccessfully compiled "resources/public/js/compiled/jira.js" in 2.059 seconds.[0m
[0mCompiling "resources/public/js/compiled/jira.js" from ["src" "script"]...
[31mCompiling "resources/public/js/compiled/jira.js" failed.
[0mANALYSIS ERROR: Too few arguments to if at line 357 /Users/irinamostovenko/Desktop/ddd/src/jira/tickets/ui.cljs on file /Users/irinamostovenko/Desktop/ddd/src/jira/tickets/ui.cljs, line 357, column 54
[32mSuccessfully compiled "resources/public/js/compiled/jira.js" in 1.017 seconds.[0m
[0mCompiling "resources/public/js/compiled/jira.js" from ["src" "script"]...
[31mCompiling "resources/public/js/compiled/jira.js" failed.
[0mANALYSIS ERROR: Too few arguments to if at line 357 /Users/irinamostovenko/Desktop/ddd/src/jira/tickets/ui.cljs on file /Users/irinamostovenko/Desktop/ddd/src/jira/tickets/ui.cljs, line 357, column 54
[32mSuccessfully compiled "resources/public/js/compiled/jira.js" in 1.063 seconds.[0m
[0mCompiling "resources/public/js/compiled/jira.js" from ["src" "script"]...
notifying browser that file changed:  out/jira/tickets/ui.js
[32mSuccessfully compiled "resources/public/js/compiled/jira.js" in 1.982 seconds.[0m
[0mCompiling "resources/public/js/compiled/jira.js" from ["src" "script"]...
notifying browser that file changed:  out/jira/tickets/ui.js
[32mSuccessfully compiled "resources/public/js/compiled/jira.js" in 2.573 seconds.[0m
sending changed CSS file: resources/public/css/custom.css
sending changed CSS file: resources/public/css/custom.css
[0mCompiling "resources/public/js/compiled/jira.js" from ["src" "script"]...
notifying browser that file changed:  out/jira/tickets/ui.js
[32mSuccessfully compiled "resources/public/js/compiled/jira.js" in 2.154 seconds.[0m
[0mCompiling "resources/public/js/compiled/jira.js" from ["src" "script"]...
notifying browser that file changed:  out/jira/tickets/ui.js
[32mSuccessfully compiled "resources/public/js/compiled/jira.js" in 1.318 seconds.[0m
[0mCompiling "resources/public/js/compiled/jira.js" from ["src" "script"]...
notifying browser that file changed:  out/jira/tickets/ui.js
[32mSuccessfully compiled "resources/public/js/compiled/jira.js" in 1.257 seconds.[0m
[0mCompiling "resources/public/js/compiled/jira.js" from ["src" "script"]...
notifying browser that file changed:  out/jira/tickets/ui.js
[32mSuccessfully compiled "resources/public/js/compiled/jira.js" in 0.638 seconds.[0m
[0mCompiling "resources/public/js/compiled/jira.js" from ["src" "script"]...
notifying browser that file changed:  out/jira/tickets/ui.js
[32mSuccessfully compiled "resources/public/js/compiled/jira.js" in 0.743 seconds.[0m
[0mCompiling "resources/public/js/compiled/jira.js" from ["src" "script"]...
notifying browser that file changed:  out/jira/tickets/ui.js
[32mSuccessfully compiled "resources/public/js/compiled/jira.js" in 1.544 seconds.[0m
[0mCompiling "resources/public/js/compiled/jira.js" from ["src" "script"]...
notifying browser that file changed:  out/jira/tickets/ui.js
[32mSuccessfully compiled "resources/public/js/compiled/jira.js" in 0.9 seconds.[0m
[0mCompiling "resources/public/js/compiled/jira.js" from ["src" "script"]...
[31mCompiling "resources/public/js/compiled/jira.js" failed.
[0mERROR: Map literal must contain an even number of forms on file /Users/irinamostovenko/Desktop/ddd/src/jira/tickets/ui.cljs, line 361, column 97
[32mSuccessfully compiled "resources/public/js/compiled/jira.js" in 0.422 seconds.[0m
[0mCompiling "resources/public/js/compiled/jira.js" from ["src" "script"]...
[31mCompiling "resources/public/js/compiled/jira.js" failed.
[0mERROR: Map literal must contain an even number of forms on file /Users/irinamostovenko/Desktop/ddd/src/jira/tickets/ui.cljs, line 361, column 97
[32mSuccessfully compiled "resources/public/js/compiled/jira.js" in 0.424 seconds.[0m
[0mCompiling "resources/public/js/compiled/jira.js" from ["src" "script"]...
[31mCompiling "resources/public/js/compiled/jira.js" failed.
[0mERROR: Map literal must contain an even number of forms on file /Users/irinamostovenko/Desktop/ddd/src/jira/tickets/ui.cljs, line 361, column 97
[32mSuccessfully compiled "resources/public/js/compiled/jira.js" in 0.314 seconds.[0m
[0mCompiling "resources/public/js/compiled/jira.js" from ["src" "script"]...
[31mCompiling "resources/public/js/compiled/jira.js" failed.
[0mERROR: Map literal must contain an even number of forms on file /Users/irinamostovenko/Desktop/ddd/src/jira/tickets/ui.cljs, line 361, column 97
[32mSuccessfully compiled "resources/public/js/compiled/jira.js" in 0.445 seconds.[0m
[0mCompiling "resources/public/js/compiled/jira.js" from ["src" "script"]...
[31mCompiling "resources/public/js/compiled/jira.js" failed.
[0mERROR: Map literal must contain an even number of forms on file /Users/irinamostovenko/Desktop/ddd/src/jira/tickets/ui.cljs, line 357, column 102
[32mSuccessfully compiled "resources/public/js/compiled/jira.js" in 0.483 seconds.[0m
[0mCompiling "resources/public/js/compiled/jira.js" from ["src" "script"]...
notifying browser that file changed:  out/jira/tickets/ui.js
[32mSuccessfully compiled "resources/public/js/compiled/jira.js" in 0.629 seconds.[0m
[0mCompiling "resources/public/js/compiled/jira.js" from ["src" "script"]...
notifying browser that file changed:  out/jira/tickets/ui.js
[32mSuccessfully compiled "resources/public/js/compiled/jira.js" in 0.563 seconds.[0m
[0mCompiling "resources/public/js/compiled/jira.js" from ["src" "script"]...
notifying browser that file changed:  out/jira/tickets/ui.js
[32mSuccessfully compiled "resources/public/js/compiled/jira.js" in 0.635 seconds.[0m
[0mCompiling "resources/public/js/compiled/jira.js" from ["src" "script"]...
notifying browser that file changed:  out/jira/tickets/ui.js
[32mSuccessfully compiled "resources/public/js/compiled/jira.js" in 0.999 seconds.[0m
sending changed CSS file: resources/public/css/custom.css
sending changed CSS file: resources/public/css/custom.css
sending changed CSS file: resources/public/css/custom.css
sending changed CSS file: resources/public/css/custom.css
sending changed CSS file: resources/public/css/custom.css
sending changed CSS file: resources/public/css/custom.css
sending changed CSS file: resources/public/css/custom.css
sending changed CSS file: resources/public/css/custom.css
[0mCompiling "resources/public/js/compiled/jira.js" from ["src" "script"]...
notifying browser that file changed:  out/jira/tickets/ui.js
[32mSuccessfully compiled "resources/public/js/compiled/jira.js" in 1.835 seconds.[0m
sending changed CSS file: resources/public/css/custom.css
[0mCompiling "resources/public/js/compiled/jira.js" from ["src" "script"]...
notifying browser that file changed:  out/jira/tickets/ui.js
[32mSuccessfully compiled "resources/public/js/compiled/jira.js" in 1.913 seconds.[0m
[0mCompiling "resources/public/js/compiled/jira.js" from ["src" "script"]...
notifying browser that file changed:  out/jira/tickets/ui.js
[32mSuccessfully compiled "resources/public/js/compiled/jira.js" in 1.471 seconds.[0m
sending changed CSS file: resources/public/css/custom.css
[0mCompiling "resources/public/js/compiled/jira.js" from ["src" "script"]...
notifying browser that file changed:  out/jira/tickets/ui.js
[32mSuccessfully compiled "resources/public/js/compiled/jira.js" in 0.66 seconds.[0m
[0mCompiling "resources/public/js/compiled/jira.js" from ["src" "script"]...
notifying browser that file changed:  out/jira/tickets/ui.js
[32mSuccessfully compiled "resources/public/js/compiled/jira.js" in 4.282 seconds.[0m
[0mCompiling "resources/public/js/compiled/jira.js" from ["src" "script"]...
WARNING: Use of undeclared Var jira.tickets.ui/f-settings at line 238 /Users/irinamostovenko/Desktop/ddd/src/jira/tickets/ui.cljs
WARNING: Use of undeclared Var jira.tickets.ui/title at line 239 /Users/irinamostovenko/Desktop/ddd/src/jira/tickets/ui.cljs
WARNING: Use of undeclared Var jira.tickets.ui/kk at line 240 /Users/irinamostovenko/Desktop/ddd/src/jira/tickets/ui.cljs
WARNING: Use of undeclared Var jira.tickets.ui/k at line 241 /Users/irinamostovenko/Desktop/ddd/src/jira/tickets/ui.cljs
WARNING: Use of undeclared Var jira.tickets.ui/title at line 243 /Users/irinamostovenko/Desktop/ddd/src/jira/tickets/ui.cljs
WARNING: Use of undeclared Var jira.tickets.ui/k at line 246 /Users/irinamostovenko/Desktop/ddd/src/jira/tickets/ui.cljs
WARNING: Use of undeclared Var jira.tickets.ui/f-settings at line 246 /Users/irinamostovenko/Desktop/ddd/src/jira/tickets/ui.cljs
WARNING: Use of undeclared Var jira.tickets.ui/f-settings at line 248 /Users/irinamostovenko/Desktop/ddd/src/jira/tickets/ui.cljs
WARNING: Use of undeclared Var jira.tickets.ui/k at line 248 /Users/irinamostovenko/Desktop/ddd/src/jira/tickets/ui.cljs
WARNING: Use of undeclared Var jira.tickets.ui/kk at line 255 /Users/irinamostovenko/Desktop/ddd/src/jira/tickets/ui.cljs
WARNING: Use of undeclared Var jira.tickets.ui/k at line 246 /Users/irinamostovenko/Desktop/ddd/src/jira/tickets/ui.cljs
WARNING: Use of undeclared Var jira.tickets.ui/f-settings at line 246 /Users/irinamostovenko/Desktop/ddd/src/jira/tickets/ui.cljs
WARNING: Use of undeclared Var jira.tickets.ui/f-settings at line 248 /Users/irinamostovenko/Desktop/ddd/src/jira/tickets/ui.cljs
WARNING: Use of undeclared Var jira.tickets.ui/k at line 248 /Users/irinamostovenko/Desktop/ddd/src/jira/tickets/ui.cljs
WARNING: Use of undeclared Var jira.tickets.ui/kk at line 255 /Users/irinamostovenko/Desktop/ddd/src/jira/tickets/ui.cljs
WARNING: Use of undeclared Var jira.tickets.ui/kk at line 245 /Users/irinamostovenko/Desktop/ddd/src/jira/tickets/ui.cljs
WARNING: No such namespace: tbd, could not locate tbd.cljs, tbd.cljc, or Closure namespace "" at line 267 /Users/irinamostovenko/Desktop/ddd/src/jira/tickets/ui.cljs
WARNING: Use of undeclared Var tbd/t-type at line 267 /Users/irinamostovenko/Desktop/ddd/src/jira/tickets/ui.cljs
notifying browser that file changed:  out/jira/tickets/ui.js
[32mSuccessfully compiled "resources/public/js/compiled/jira.js" in 1.774 seconds.[0m
[0mCompiling "resources/public/js/compiled/jira.js" from ["src" "script"]...
WARNING: No such namespace: tbd, could not locate tbd.cljs, tbd.cljc, or Closure namespace "" at line 267 /Users/irinamostovenko/Desktop/ddd/src/jira/tickets/ui.cljs
WARNING: Use of undeclared Var tbd/t-type at line 267 /Users/irinamostovenko/Desktop/ddd/src/jira/tickets/ui.cljs
notifying browser that file changed:  out/jira/tickets/ui.js
[32mSuccessfully compiled "resources/public/js/compiled/jira.js" in 1.347 seconds.[0m
[0mCompiling "resources/public/js/compiled/jira.js" from ["src" "script"]...
notifying browser that file changed:  out/jira/tickets/ui.js
[32mSuccessfully compiled "resources/public/js/compiled/jira.js" in 0.692 seconds.[0m
[0mCompiling "resources/public/js/compiled/jira.js" from ["src" "script"]...
notifying browser that file changed:  out/jira/tickets/ui.js
[32mSuccessfully compiled "resources/public/js/compiled/jira.js" in 2.105 seconds.[0m
[0mCompiling "resources/public/js/compiled/jira.js" from ["src" "script"]...
notifying browser that file changed:  out/jira/tickets/ui.js
[32mSuccessfully compiled "resources/public/js/compiled/jira.js" in 1.359 seconds.[0m
[0mCompiling "resources/public/js/compiled/jira.js" from ["src" "script"]...
notifying browser that file changed:  out/jira/tickets/ui.js
[32mSuccessfully compiled "resources/public/js/compiled/jira.js" in 0.705 seconds.[0m
[0mCompiling "resources/public/js/compiled/jira.js" from ["src" "script"]...
notifying browser that file changed:  out/jira/tickets/ui.js
[32mSuccessfully compiled "resources/public/js/compiled/jira.js" in 1.26 seconds.[0m
[0mCompiling "resources/public/js/compiled/jira.js" from ["src" "script"]...
notifying browser that file changed:  out/jira/tickets/ui.js
[32mSuccessfully compiled "resources/public/js/compiled/jira.js" in 1.32 seconds.[0m
[0mCompiling "resources/public/js/compiled/jira.js" from ["src" "script"]...
notifying browser that file changed:  out/jira/tickets/ui.js
[32mSuccessfully compiled "resources/public/js/compiled/jira.js" in 2.061 seconds.[0m
[0mCompiling "resources/public/js/compiled/jira.js" from ["src" "script"]...
notifying browser that file changed:  out/jira/tickets/ui.js
[32mSuccessfully compiled "resources/public/js/compiled/jira.js" in 0.842 seconds.[0m
[0mCompiling "resources/public/js/compiled/jira.js" from ["src" "script"]...
notifying browser that file changed:  out/jira/tickets/ui.js
[32mSuccessfully compiled "resources/public/js/compiled/jira.js" in 1.094 seconds.[0m
[0mCompiling "resources/public/js/compiled/jira.js" from ["src" "script"]...
notifying browser that file changed:  out/jira/tickets/ui.js
[32mSuccessfully compiled "resources/public/js/compiled/jira.js" in 0.597 seconds.[0m
[0mCompiling "resources/public/js/compiled/jira.js" from ["src" "script"]...
WARNING: Use of undeclared Var jira.tickets.ui/filter-group at line 278 /Users/irinamostovenko/Desktop/ddd/src/jira/tickets/ui.cljs
WARNING: Use of undeclared Var jira.tickets.ui/filter-group at line 279 /Users/irinamostovenko/Desktop/ddd/src/jira/tickets/ui.cljs
WARNING: Use of undeclared Var jira.tickets.ui/filter-group at line 280 /Users/irinamostovenko/Desktop/ddd/src/jira/tickets/ui.cljs
WARNING: Use of undeclared Var jira.tickets.ui/filter-group at line 281 /Users/irinamostovenko/Desktop/ddd/src/jira/tickets/ui.cljs
notifying browser that file changed:  out/jira/components.js
notifying browser that file changed:  out/jira/tickets/ui.js
[32mSuccessfully compiled "resources/public/js/compiled/jira.js" in 1.829 seconds.[0m
[0mCompiling "resources/public/js/compiled/jira.js" from ["src" "script"]...
notifying browser that file changed:  out/jira/tickets/ui.js
[32mSuccessfully compiled "resources/public/js/compiled/jira.js" in 0.514 seconds.[0m
[0mCompiling "resources/public/js/compiled/jira.js" from ["src" "script"]...
notifying browser that file changed:  out/jira/components.js
notifying browser that file changed:  out/jira/tickets/ui.js
[32mSuccessfully compiled "resources/public/js/compiled/jira.js" in 1.254 seconds.[0m
[0mCompiling "resources/public/js/compiled/jira.js" from ["src" "script"]...
notifying browser that file changed:  out/jira/tickets/ui.js
[32mSuccessfully compiled "resources/public/js/compiled/jira.js" in 2.231 seconds.[0m
[0mCompiling "resources/public/js/compiled/jira.js" from ["src" "script"]...
notifying browser that file changed:  out/jira/tickets/ui.js
[32mSuccessfully compiled "resources/public/js/compiled/jira.js" in 1.594 seconds.[0m
[0mCompiling "resources/public/js/compiled/jira.js" from ["src" "script"]...
notifying browser that file changed:  out/jira/tickets/ui.js
[32mSuccessfully compiled "resources/public/js/compiled/jira.js" in 0.438 seconds.[0m
[0mCompiling "resources/public/js/compiled/jira.js" from ["src" "script"]...
notifying browser that file changed:  out/jira/tickets/ui.js
[32mSuccessfully compiled "resources/public/js/compiled/jira.js" in 1.695 seconds.[0m
sending changed CSS file: resources/public/css/custom.css
[0mCompiling "resources/public/js/compiled/jira.js" from ["src" "script"]...
notifying browser that file changed:  out/jira/tickets/ui.js
[32mSuccessfully compiled "resources/public/js/compiled/jira.js" in 1.568 seconds.[0m
[0mCompiling "resources/public/js/compiled/jira.js" from ["src" "script"]...
notifying browser that file changed:  out/jira/tickets/ui.js
[32mSuccessfully compiled "resources/public/js/compiled/jira.js" in 0.406 seconds.[0m
[0mCompiling "resources/public/js/compiled/jira.js" from ["src" "script"]...
notifying browser that file changed:  out/jira/tickets/ui.js
[32mSuccessfully compiled "resources/public/js/compiled/jira.js" in 1.863 seconds.[0m
[0mCompiling "resources/public/js/compiled/jira.js" from ["src" "script"]...
notifying browser that file changed:  out/jira/tickets/ui.js
[32mSuccessfully compiled "resources/public/js/compiled/jira.js" in 1.074 seconds.[0m
[0mCompiling "resources/public/js/compiled/jira.js" from ["src" "script"]...
notifying browser that file changed:  out/jira/tickets/ui.js
[32mSuccessfully compiled "resources/public/js/compiled/jira.js" in 0.371 seconds.[0m
[0mCompiling "resources/public/js/compiled/jira.js" from ["src" "script"]...
notifying browser that file changed:  out/jira/tickets/ui.js
[32mSuccessfully compiled "resources/public/js/compiled/jira.js" in 0.969 seconds.[0m
[0mCompiling "resources/public/js/compiled/jira.js" from ["src" "script"]...
[31mCompiling "resources/public/js/compiled/jira.js" failed.
[0mANALYSIS ERROR: Can't set! local var or non-mutable field at line 405 /Users/irinamostovenko/Desktop/ddd/src/jira/tickets/ui.cljs on file /Users/irinamostovenko/Desktop/ddd/src/jira/tickets/ui.cljs, line 405, column 14
[32mSuccessfully compiled "resources/public/js/compiled/jira.js" in 0.367 seconds.[0m
[0mCompiling "resources/public/js/compiled/jira.js" from ["src" "script"]...
notifying browser that file changed:  out/jira/tickets/ui.js
[32mSuccessfully compiled "resources/public/js/compiled/jira.js" in 0.526 seconds.[0m
[0mCompiling "resources/public/js/compiled/jira.js" from ["src" "script"]...
notifying browser that file changed:  out/jira/tickets/ui.js
[32mSuccessfully compiled "resources/public/js/compiled/jira.js" in 0.832 seconds.[0m
[0mCompiling "resources/public/js/compiled/jira.js" from ["src" "script"]...
notifying browser that file changed:  out/jira/tickets/ui.js
[32mSuccessfully compiled "resources/public/js/compiled/jira.js" in 1.413 seconds.[0m
[0mCompiling "resources/public/js/compiled/jira.js" from ["src" "script"]...
notifying browser that file changed:  out/jira/tickets/ui.js
[32mSuccessfully compiled "resources/public/js/compiled/jira.js" in 0.467 seconds.[0m
[0mCompiling "resources/public/js/compiled/jira.js" from ["src" "script"]...
notifying browser that file changed:  out/jira/components.js
[32mSuccessfully compiled "resources/public/js/compiled/jira.js" in 1.084 seconds.[0m
[0mCompiling "resources/public/js/compiled/jira.js" from ["src" "script"]...
notifying browser that file changed:  out/jira/components.js
notifying browser that file changed:  out/jira/tickets/ui.js
[32mSuccessfully compiled "resources/public/js/compiled/jira.js" in 2.313 seconds.[0m
[0mCompiling "resources/public/js/compiled/jira.js" from ["src" "script"]...
notifying browser that file changed:  out/jira/tickets/ui.js
[32mSuccessfully compiled "resources/public/js/compiled/jira.js" in 0.507 seconds.[0m
[0mCompiling "resources/public/js/compiled/jira.js" from ["src" "script"]...
notifying browser that file changed:  out/jira/tickets/ui.js
[32mSuccessfully compiled "resources/public/js/compiled/jira.js" in 0.529 seconds.[0m
[0mCompiling "resources/public/js/compiled/jira.js" from ["src" "script"]...
notifying browser that file changed:  out/jira/tickets/ui.js
[32mSuccessfully compiled "resources/public/js/compiled/jira.js" in 0.434 seconds.[0m
[0mCompiling "resources/public/js/compiled/jira.js" from ["src" "script"]...
notifying browser that file changed:  out/jira/projects/ui.js
[32mSuccessfully compiled "resources/public/js/compiled/jira.js" in 1.171 seconds.[0m
[0mCompiling "resources/public/js/compiled/jira.js" from ["src" "script"]...
notifying browser that file changed:  resources/public/js/compiled/out/cljs_deps.js
notifying browser that file changed:  out/jira/admin/ui.js
[32mSuccessfully compiled "resources/public/js/compiled/jira.js" in 0.535 seconds.[0m
[0mCompiling "resources/public/js/compiled/jira.js" from ["src" "script"]...
notifying browser that file changed:  resources/public/js/compiled/out/cljs_deps.js
notifying browser that file changed:  out/jira/projects/ui.js
notifying browser that file changed:  out/jira/tickets/db.js
notifying browser that file changed:  out/jira/users/ui.js
notifying browser that file changed:  out/jira/admin/ui.js
notifying browser that file changed:  out/jira/projects/db.js
[32mSuccessfully compiled "resources/public/js/compiled/jira.js" in 1.78 seconds.[0m
[0mCompiling "resources/public/js/compiled/jira.js" from ["src" "script"]...
notifying browser that file changed:  out/jira/core.js
[32mSuccessfully compiled "resources/public/js/compiled/jira.js" in 0.512 seconds.[0m
[0mCompiling "resources/public/js/compiled/jira.js" from ["src" "script"]...
notifying browser that file changed:  out/jira/users/db.js
[32mSuccessfully compiled "resources/public/js/compiled/jira.js" in 1.381 seconds.[0m
[0mCompiling "resources/public/js/compiled/jira.js" from ["src" "script"]...
notifying browser that file changed:  out/jira/admin/ui.js
[32mSuccessfully compiled "resources/public/js/compiled/jira.js" in 0.367 seconds.[0m
[0mCompiling "resources/public/js/compiled/jira.js" from ["src" "script"]...
notifying browser that file changed:  out/jira/db.js
[32mSuccessfully compiled "resources/public/js/compiled/jira.js" in 1.534 seconds.[0m
[0mCompiling "resources/public/js/compiled/jira.js" from ["src" "script"]...
notifying browser that file changed:  out/jira/db.js
[32mSuccessfully compiled "resources/public/js/compiled/jira.js" in 1.596 seconds.[0m
[0mCompiling "resources/public/js/compiled/jira.js" from ["src" "script"]...
WARNING: No such namespace: udb, could not locate udb.cljs, udb.cljc, or Closure namespace "" at line 28 src/jira/users/db.cljs
WARNING: Use of undeclared Var udb/users at line 28 src/jira/users/db.cljs
notifying browser that file changed:  out/jira/users/db.js
[32mSuccessfully compiled "resources/public/js/compiled/jira.js" in 1.663 seconds.[0m
[0mCompiling "resources/public/js/compiled/jira.js" from ["src" "script"]...
WARNING: No such namespace: udb, could not locate udb.cljs, udb.cljc, or Closure namespace "" at line 28 src/jira/users/db.cljs
WARNING: Use of undeclared Var udb/users at line 28 src/jira/users/db.cljs
notifying browser that file changed:  out/jira/users/db.js
[32mSuccessfully compiled "resources/public/js/compiled/jira.js" in 1.84 seconds.[0m
[0mCompiling "resources/public/js/compiled/jira.js" from ["src" "script"]...
WARNING: No such namespace: udb, could not locate udb.cljs, udb.cljc, or Closure namespace "" at line 28 src/jira/users/db.cljs
WARNING: Use of undeclared Var udb/users at line 28 src/jira/users/db.cljs
notifying browser that file changed:  out/jira/users/db.js
[32mSuccessfully compiled "resources/public/js/compiled/jira.js" in 1.928 seconds.[0m
[0mCompiling "resources/public/js/compiled/jira.js" from ["src" "script"]...
WARNING: No such namespace: udb, could not locate udb.cljs, udb.cljc, or Closure namespace "" at line 28 src/jira/users/db.cljs
WARNING: Use of undeclared Var udb/users at line 28 src/jira/users/db.cljs
notifying browser that file changed:  out/jira/users/db.js
[32mSuccessfully compiled "resources/public/js/compiled/jira.js" in 1.048 seconds.[0m
[0mCompiling "resources/public/js/compiled/jira.js" from ["src" "script"]...
WARNING: No such namespace: udb, could not locate udb.cljs, udb.cljc, or Closure namespace "" at line 28 src/jira/users/db.cljs
WARNING: Use of undeclared Var udb/users at line 28 src/jira/users/db.cljs
notifying browser that file changed:  out/jira/users/db.js
[32mSuccessfully compiled "resources/public/js/compiled/jira.js" in 0.981 seconds.[0m
[0mCompiling "resources/public/js/compiled/jira.js" from ["src" "script"]...
WARNING: No such namespace: udb, could not locate udb.cljs, udb.cljc, or Closure namespace "" at line 28 src/jira/users/db.cljs
WARNING: Use of undeclared Var udb/users at line 28 src/jira/users/db.cljs
WARNING: Use of undeclared Var jira.users.db/admin at line 28 src/jira/users/db.cljs
notifying browser that file changed:  out/jira/users/db.js
[32mSuccessfully compiled "resources/public/js/compiled/jira.js" in 1.003 seconds.[0m
[0mCompiling "resources/public/js/compiled/jira.js" from ["src" "script"]...
WARNING: No such namespace: udb, could not locate udb.cljs, udb.cljc, or Closure namespace "" at line 28 src/jira/users/db.cljs
WARNING: Use of undeclared Var udb/users at line 28 src/jira/users/db.cljs
notifying browser that file changed:  out/jira/users/db.js
[32mSuccessfully compiled "resources/public/js/compiled/jira.js" in 1.199 seconds.[0m
[0mCompiling "resources/public/js/compiled/jira.js" from ["src" "script"]...
notifying browser that file changed:  out/jira/users/db.js
[32mSuccessfully compiled "resources/public/js/compiled/jira.js" in 1.115 seconds.[0m
[0mCompiling "resources/public/js/compiled/jira.js" from ["src" "script"]...
notifying browser that file changed:  out/jira/users/db.js
[32mSuccessfully compiled "resources/public/js/compiled/jira.js" in 1.696 seconds.[0m
[0mCompiling "resources/public/js/compiled/jira.js" from ["src" "script"]...
notifying browser that file changed:  out/jira/users/db.js
[32mSuccessfully compiled "resources/public/js/compiled/jira.js" in 1.756 seconds.[0m
[0mCompiling "resources/public/js/compiled/jira.js" from ["src" "script"]...
WARNING: Use of undeclared Var jira.users.db/u-login->id at line 28 src/jira/users/db.cljs
notifying browser that file changed:  out/jira/users/ui.js
notifying browser that file changed:  out/jira/users/db.js
[32mSuccessfully compiled "resources/public/js/compiled/jira.js" in 1.82 seconds.[0m
[0mCompiling "resources/public/js/compiled/jira.js" from ["src" "script"]...
notifying browser that file changed:  out/jira/users/db.js
[32mSuccessfully compiled "resources/public/js/compiled/jira.js" in 0.973 seconds.[0m
[0mCompiling "resources/public/js/compiled/jira.js" from ["src" "script"]...
notifying browser that file changed:  out/jira/users/db.js
[32mSuccessfully compiled "resources/public/js/compiled/jira.js" in 1.437 seconds.[0m
[0mCompiling "resources/public/js/compiled/jira.js" from ["src" "script"]...
notifying browser that file changed:  out/jira/users/ui.js
[32mSuccessfully compiled "resources/public/js/compiled/jira.js" in 0.724 seconds.[0m
[0mCompiling "resources/public/js/compiled/jira.js" from ["src" "script"]...
notifying browser that file changed:  out/jira/users/ui.js
[32mSuccessfully compiled "resources/public/js/compiled/jira.js" in 0.97 seconds.[0m
[0mCompiling "resources/public/js/compiled/jira.js" from ["src" "script"]...
notifying browser that file changed:  out/jira/users/ui.js
[32mSuccessfully compiled "resources/public/js/compiled/jira.js" in 0.685 seconds.[0m
[0mCompiling "resources/public/js/compiled/jira.js" from ["src" "script"]...
notifying browser that file changed:  out/jira/users/ui.js
[32mSuccessfully compiled "resources/public/js/compiled/jira.js" in 1.433 seconds.[0m
[0mCompiling "resources/public/js/compiled/jira.js" from ["src" "script"]...
notifying browser that file changed:  out/jira/users/ui.js
[32mSuccessfully compiled "resources/public/js/compiled/jira.js" in 1.337 seconds.[0m
[0mCompiling "resources/public/js/compiled/jira.js" from ["src" "script"]...
notifying browser that file changed:  out/jira/users/ui.js
[32mSuccessfully compiled "resources/public/js/compiled/jira.js" in 0.91 seconds.[0m
[0mCompiling "resources/public/js/compiled/jira.js" from ["src" "script"]...
notifying browser that file changed:  out/jira/users/ui.js
[32mSuccessfully compiled "resources/public/js/compiled/jira.js" in 1.312 seconds.[0m
[0mCompiling "resources/public/js/compiled/jira.js" from ["src" "script"]...
notifying browser that file changed:  out/jira/users/ui.js
[32mSuccessfully compiled "resources/public/js/compiled/jira.js" in 0.779 seconds.[0m
[0mCompiling "resources/public/js/compiled/jira.js" from ["src" "script"]...
notifying browser that file changed:  out/jira/users/ui.js
[32mSuccessfully compiled "resources/public/js/compiled/jira.js" in 0.719 seconds.[0m
[0mCompiling "resources/public/js/compiled/jira.js" from ["src" "script"]...
notifying browser that file changed:  out/jira/users/ui.js
[32mSuccessfully compiled "resources/public/js/compiled/jira.js" in 0.658 seconds.[0m
[0mCompiling "resources/public/js/compiled/jira.js" from ["src" "script"]...
notifying browser that file changed:  out/jira/users/ui.js
[32mSuccessfully compiled "resources/public/js/compiled/jira.js" in 1.78 seconds.[0m
[0mCompiling "resources/public/js/compiled/jira.js" from ["src" "script"]...
notifying browser that file changed:  out/jira/users/db.js
[32mSuccessfully compiled "resources/public/js/compiled/jira.js" in 1.778 seconds.[0m
[0mCompiling "resources/public/js/compiled/jira.js" from ["src" "script"]...
notifying browser that file changed:  out/jira/users/db.js
[32mSuccessfully compiled "resources/public/js/compiled/jira.js" in 1.869 seconds.[0m
[0mCompiling "resources/public/js/compiled/jira.js" from ["src" "script"]...
notifying browser that file changed:  out/jira/users/db.js
[32mSuccessfully compiled "resources/public/js/compiled/jira.js" in 1.704 seconds.[0m
[0mCompiling "resources/public/js/compiled/jira.js" from ["src" "script"]...
notifying browser that file changed:  out/jira/users/ui.js
[32mSuccessfully compiled "resources/public/js/compiled/jira.js" in 0.891 seconds.[0m
[0mCompiling "resources/public/js/compiled/jira.js" from ["src" "script"]...
notifying browser that file changed:  out/jira/users/ui.js
[32mSuccessfully compiled "resources/public/js/compiled/jira.js" in 0.565 seconds.[0m
[0mCompiling "resources/public/js/compiled/jira.js" from ["src" "script"]...
notifying browser that file changed:  out/jira/users/ui.js
[32mSuccessfully compiled "resources/public/js/compiled/jira.js" in 0.423 seconds.[0m
[0mCompiling "resources/public/js/compiled/jira.js" from ["src" "script"]...
notifying browser that file changed:  out/jira/core.js
[32mSuccessfully compiled "resources/public/js/compiled/jira.js" in 0.524 seconds.[0m
[0mCompiling "resources/public/js/compiled/jira.js" from ["src" "script"]...
notifying browser that file changed:  out/jira/users/ui.js
[32mSuccessfully compiled "resources/public/js/compiled/jira.js" in 0.96 seconds.[0m
[0mCompiling "resources/public/js/compiled/jira.js" from ["src" "script"]...
notifying browser that file changed:  out/jira/users/ui.js
[32mSuccessfully compiled "resources/public/js/compiled/jira.js" in 1.741 seconds.[0m
[0mCompiling "resources/public/js/compiled/jira.js" from ["src" "script"]...
notifying browser that file changed:  out/jira/core.js
[32mSuccessfully compiled "resources/public/js/compiled/jira.js" in 1.089 seconds.[0m
[0mCompiling "resources/public/js/compiled/jira.js" from ["src" "script"]...
notifying browser that file changed:  out/jira/core.js
[32mSuccessfully compiled "resources/public/js/compiled/jira.js" in 1.25 seconds.[0m
[0mCompiling "resources/public/js/compiled/jira.js" from ["src" "script"]...
notifying browser that file changed:  out/jira/core.js
[32mSuccessfully compiled "resources/public/js/compiled/jira.js" in 1.055 seconds.[0m
[0mCompiling "resources/public/js/compiled/jira.js" from ["src" "script"]...
notifying browser that file changed:  out/jira/core.js
[32mSuccessfully compiled "resources/public/js/compiled/jira.js" in 1.061 seconds.[0m
[0mCompiling "resources/public/js/compiled/jira.js" from ["src" "script"]...
notifying browser that file changed:  out/jira/core.js
[32mSuccessfully compiled "resources/public/js/compiled/jira.js" in 0.457 seconds.[0m
[0mCompiling "resources/public/js/compiled/jira.js" from ["src" "script"]...
WARNING: Use of undeclared Var jira.users.ui/admin-page at line 166 /Users/irinamostovenko/Desktop/ddd/src/jira/users/ui.cljs
WARNING: Use of undeclared Var jira.users.ui/show-admin-page? at line 36 src/jira/core.cljs
notifying browser that file changed:  resources/public/js/compiled/out/cljs_deps.js
notifying browser that file changed:  out/jira/users/ui.js
notifying browser that file changed:  out/jira/admin/ui.js
[32mSuccessfully compiled "resources/public/js/compiled/jira.js" in 0.831 seconds.[0m
[0mCompiling "resources/public/js/compiled/jira.js" from ["src" "script"]...
notifying browser that file changed:  resources/public/js/compiled/out/cljs_deps.js
notifying browser that file changed:  out/jira/core.js
[32mSuccessfully compiled "resources/public/js/compiled/jira.js" in 0.288 seconds.[0m
[0mCompiling "resources/public/js/compiled/jira.js" from ["src" "script"]...
notifying browser that file changed:  resources/public/js/compiled/out/cljs_deps.js
notifying browser that file changed:  out/jira/users/ui.js
[32mSuccessfully compiled "resources/public/js/compiled/jira.js" in 0.365 seconds.[0m
[0mCompiling "resources/public/js/compiled/jira.js" from ["src" "script"]...
notifying browser that file changed:  out/jira/admin/ui.js
[32mSuccessfully compiled "resources/public/js/compiled/jira.js" in 0.824 seconds.[0m
[0mCompiling "resources/public/js/compiled/jira.js" from ["src" "script"]...
notifying browser that file changed:  out/jira/admin/ui.js
[32mSuccessfully compiled "resources/public/js/compiled/jira.js" in 0.509 seconds.[0m
[0mCompiling "resources/public/js/compiled/jira.js" from ["src" "script"]...
notifying browser that file changed:  out/jira/admin/ui.js
[32mSuccessfully compiled "resources/public/js/compiled/jira.js" in 0.301 seconds.[0m
[0mCompiling "resources/public/js/compiled/jira.js" from ["src" "script"]...
notifying browser that file changed:  out/jira/admin/ui.js
[32mSuccessfully compiled "resources/public/js/compiled/jira.js" in 0.272 seconds.[0m
[0mCompiling "resources/public/js/compiled/jira.js" from ["src" "script"]...
notifying browser that file changed:  out/jira/admin/ui.js
[32mSuccessfully compiled "resources/public/js/compiled/jira.js" in 1.565 seconds.[0m
[0mCompiling "resources/public/js/compiled/jira.js" from ["src" "script"]...
notifying browser that file changed:  out/jira/admin/ui.js
[32mSuccessfully compiled "resources/public/js/compiled/jira.js" in 0.384 seconds.[0m
[0mCompiling "resources/public/js/compiled/jira.js" from ["src" "script"]...
WARNING: Use of undeclared Var jira.admin.ui/admin-page at line 41 /Users/irinamostovenko/Desktop/ddd/src/jira/core.cljs
WARNING: Use of undeclared Var jira.admin.ui/admin-page at line 41 /Users/irinamostovenko/Desktop/ddd/src/jira/core.cljs
notifying browser that file changed:  out/jira/core.js
notifying browser that file changed:  out/jira/users/ui.js
notifying browser that file changed:  out/jira/admin/ui.js
[32mSuccessfully compiled "resources/public/js/compiled/jira.js" in 0.756 seconds.[0m
[0mCompiling "resources/public/js/compiled/jira.js" from ["src" "script"]...
notifying browser that file changed:  out/jira/admin/ui.js
[32mSuccessfully compiled "resources/public/js/compiled/jira.js" in 0.426 seconds.[0m
[0mCompiling "resources/public/js/compiled/jira.js" from ["src" "script"]...
notifying browser that file changed:  out/jira/admin/ui.js
[32mSuccessfully compiled "resources/public/js/compiled/jira.js" in 1.331 seconds.[0m
[0mCompiling "resources/public/js/compiled/jira.js" from ["src" "script"]...
notifying browser that file changed:  out/jira/admin/ui.js
[32mSuccessfully compiled "resources/public/js/compiled/jira.js" in 1.324 seconds.[0m
[0mCompiling "resources/public/js/compiled/jira.js" from ["src" "script"]...
notifying browser that file changed:  out/jira/tickets/db.js
[32mSuccessfully compiled "resources/public/js/compiled/jira.js" in 1.475 seconds.[0m
[0mCompiling "resources/public/js/compiled/jira.js" from ["src" "script"]...
notifying browser that file changed:  out/jira/tickets/db.js
[32mSuccessfully compiled "resources/public/js/compiled/jira.js" in 1.645 seconds.[0m
[0mCompiling "resources/public/js/compiled/jira.js" from ["src" "script"]...
notifying browser that file changed:  out/jira/tickets/db.js
[32mSuccessfully compiled "resources/public/js/compiled/jira.js" in 1.713 seconds.[0m
[0mCompiling "resources/public/js/compiled/jira.js" from ["src" "script"]...
notifying browser that file changed:  out/jira/tickets/db.js
[32mSuccessfully compiled "resources/public/js/compiled/jira.js" in 0.999 seconds.[0m
[0mCompiling "resources/public/js/compiled/jira.js" from ["src" "script"]...
WARNING: No such namespace: tdb, could not locate tdb.cljs, tdb.cljc, or Closure namespace "" at line 129 src/jira/tickets/db.cljs
WARNING: Use of undeclared Var tdb/get-tt-of-p at line 129 src/jira/tickets/db.cljs
notifying browser that file changed:  out/jira/tickets/db.js
[32mSuccessfully compiled "resources/public/js/compiled/jira.js" in 1.964 seconds.[0m
[0mCompiling "resources/public/js/compiled/jira.js" from ["src" "script"]...
notifying browser that file changed:  out/jira/tickets/db.js
[32mSuccessfully compiled "resources/public/js/compiled/jira.js" in 1.051 seconds.[0m
[0mCompiling "resources/public/js/compiled/jira.js" from ["src" "script"]...
notifying browser that file changed:  out/jira/tickets/ui.js
[32mSuccessfully compiled "resources/public/js/compiled/jira.js" in 0.953 seconds.[0m
[0mCompiling "resources/public/js/compiled/jira.js" from ["src" "script"]...
notifying browser that file changed:  out/jira/tickets/ui.js
[32mSuccessfully compiled "resources/public/js/compiled/jira.js" in 2.455 seconds.[0m
[0mCompiling "resources/public/js/compiled/jira.js" from ["src" "script"]...
notifying browser that file changed:  out/jira/tickets/ui.js
[32mSuccessfully compiled "resources/public/js/compiled/jira.js" in 1.383 seconds.[0m
